This is pdfTeX, Version 3.14159265-2.6-1.40.21 (TeX Live 2020/Debian) (preloaded format=pdflatex 2023.4.17)  6 MAY 2023 10:56
entering extended mode
 restricted \write18 enabled.
 %&-line parsing enabled.
**soluciones_tp2.tex
(./soluciones_tp2.tex
LaTeX2e <2020-10-01> patch level 4
L3 programming layer <2021-01-09> xparse <2020-03-03>
(/usr/share/texlive/texmf-dist/tex/latex/base/article.cls
Document Class: article 2020/04/10 v1.4m Standard LaTeX document class
(/usr/share/texlive/texmf-dist/tex/latex/base/size10.clo
File: size10.clo 2020/04/10 v1.4m Standard LaTeX file (size option)
)
\c@part=\count177
\c@section=\count178
\c@subsection=\count179
\c@subsubsection=\count180
\c@paragraph=\count181
\c@subparagraph=\count182
\c@figure=\count183
\c@table=\count184
\abovecaptionskip=\skip47
\belowcaptionskip=\skip48
\bibindent=\dimen138
)
(/usr/share/texlive/texmf-dist/tex/latex/amsmath/amsmath.sty
Package: amsmath 2020/09/23 v2.17i AMS math features
\@mathmargin=\skip49

For additional information on amsmath, use the `?' option.
(/usr/share/texlive/texmf-dist/tex/latex/amsmath/amstext.sty
Package: amstext 2000/06/29 v2.01 AMS text

(/usr/share/texlive/texmf-dist/tex/latex/amsmath/amsgen.sty
File: amsgen.sty 1999/11/30 v2.0 generic functions
\@emptytoks=\toks15
\ex@=\dimen139
))
(/usr/share/texlive/texmf-dist/tex/latex/amsmath/amsbsy.sty
Package: amsbsy 1999/11/29 v1.2d Bold Symbols
\pmbraise@=\dimen140
)
(/usr/share/texlive/texmf-dist/tex/latex/amsmath/amsopn.sty
Package: amsopn 2016/03/08 v2.02 operator names
)
\inf@bad=\count185
LaTeX Info: Redefining \frac on input line 234.
\uproot@=\count186
\leftroot@=\count187
LaTeX Info: Redefining \overline on input line 399.
\classnum@=\count188
\DOTSCASE@=\count189
LaTeX Info: Redefining \ldots on input line 496.
LaTeX Info: Redefining \dots on input line 499.
LaTeX Info: Redefining \cdots on input line 620.
\Mathstrutbox@=\box47
\strutbox@=\box48
\big@size=\dimen141
LaTeX Font Info:    Redeclaring font encoding OML on input line 743.
LaTeX Font Info:    Redeclaring font encoding OMS on input line 744.
\macc@depth=\count190
\c@MaxMatrixCols=\count191
\dotsspace@=\muskip16
\c@parentequation=\count192
\dspbrk@lvl=\count193
\tag@help=\toks16
\row@=\count194
\column@=\count195
\maxfields@=\count196
\andhelp@=\toks17
\eqnshift@=\dimen142
\alignsep@=\dimen143
\tagshift@=\dimen144
\tagwidth@=\dimen145
\totwidth@=\dimen146
\lineht@=\dimen147
\@envbody=\toks18
\multlinegap=\skip50
\multlinetaggap=\skip51
\mathdisplay@stack=\toks19
LaTeX Info: Redefining \[ on input line 2923.
LaTeX Info: Redefining \] on input line 2924.
)
(/usr/share/texlive/texmf-dist/tex/latex/amsfonts/amssymb.sty
Package: amssymb 2013/01/14 v3.01 AMS font symbols

(/usr/share/texlive/texmf-dist/tex/latex/amsfonts/amsfonts.sty
Package: amsfonts 2013/01/14 v3.01 Basic AMSFonts support
\symAMSa=\mathgroup4
\symAMSb=\mathgroup5
LaTeX Font Info:    Redeclaring math symbol \hbar on input line 98.
LaTeX Font Info:    Overwriting math alphabet `\mathfrak' in version `bold'
(Font)                  U/euf/m/n --> U/euf/b/n on input line 106.
))
(/usr/share/texlive/texmf-dist/tex/latex/amscls/amsthm.sty
Package: amsthm 2020/05/29 v2.20.6
\thm@style=\toks20
\thm@bodyfont=\toks21
\thm@headfont=\toks22
\thm@notefont=\toks23
\thm@headpunct=\toks24
\thm@preskip=\skip52
\thm@postskip=\skip53
\thm@headsep=\skip54
\dth@everypar=\toks25
)
(/usr/share/texlive/texmf-dist/tex/latex/geometry/geometry.sty
Package: geometry 2020/01/02 v5.9 Page Geometry

(/usr/share/texlive/texmf-dist/tex/latex/graphics/keyval.sty
Package: keyval 2014/10/28 v1.15 key=value parser (DPC)
\KV@toks@=\toks26
)
(/usr/share/texlive/texmf-dist/tex/generic/iftex/ifvtex.sty
Package: ifvtex 2019/10/25 v1.7 ifvtex legacy package. Use iftex instead.

(/usr/share/texlive/texmf-dist/tex/generic/iftex/iftex.sty
Package: iftex 2020/03/06 v1.0d TeX engine tests
))
\Gm@cnth=\count197
\Gm@cntv=\count198
\c@Gm@tempcnt=\count199
\Gm@bindingoffset=\dimen148
\Gm@wd@mp=\dimen149
\Gm@odd@mp=\dimen150
\Gm@even@mp=\dimen151
\Gm@layoutwidth=\dimen152
\Gm@layoutheight=\dimen153
\Gm@layouthoffset=\dimen154
\Gm@layoutvoffset=\dimen155
\Gm@dimlist=\toks27
)
(/usr/share/texlive/texmf-dist/tex/latex/fancyhdr/fancyhdr.sty
Package: fancyhdr 2021/01/04 v4.0 Extensive control of page headers and footers

\f@nch@headwidth=\skip55
\f@nch@O@elh=\skip56
\f@nch@O@erh=\skip57
\f@nch@O@olh=\skip58
\f@nch@O@orh=\skip59
\f@nch@O@elf=\skip60
\f@nch@O@erf=\skip61
\f@nch@O@olf=\skip62
\f@nch@O@orf=\skip63
)
(/usr/share/texlive/texmf-dist/tex/latex/hyperref/hyperref.sty
Package: hyperref 2020-05-15 v7.00e Hypertext links for LaTeX

(/usr/share/texlive/texmf-dist/tex/generic/ltxcmds/ltxcmds.sty
Package: ltxcmds 2020-05-10 v1.25 LaTeX kernel commands for general use (HO)
)
(/usr/share/texlive/texmf-dist/tex/generic/pdftexcmds/pdftexcmds.sty
Package: pdftexcmds 2020-06-27 v0.33 Utility functions of pdfTeX for LuaTeX (HO
)

(/usr/share/texlive/texmf-dist/tex/generic/infwarerr/infwarerr.sty
Package: infwarerr 2019/12/03 v1.5 Providing info/warning/error messages (HO)
)
Package pdftexcmds Info: \pdf@primitive is available.
Package pdftexcmds Info: \pdf@ifprimitive is available.
Package pdftexcmds Info: \pdfdraftmode found.
)
(/usr/share/texlive/texmf-dist/tex/generic/kvsetkeys/kvsetkeys.sty
Package: kvsetkeys 2019/12/15 v1.18 Key value parser (HO)
)
(/usr/share/texlive/texmf-dist/tex/generic/kvdefinekeys/kvdefinekeys.sty
Package: kvdefinekeys 2019-12-19 v1.6 Define keys (HO)
)
(/usr/share/texlive/texmf-dist/tex/generic/pdfescape/pdfescape.sty
Package: pdfescape 2019/12/09 v1.15 Implements pdfTeX's escape features (HO)
)
(/usr/share/texlive/texmf-dist/tex/latex/hycolor/hycolor.sty
Package: hycolor 2020-01-27 v1.10 Color options for hyperref/bookmark (HO)
)
(/usr/share/texlive/texmf-dist/tex/latex/letltxmacro/letltxmacro.sty
Package: letltxmacro 2019/12/03 v1.6 Let assignment for LaTeX macros (HO)
)
(/usr/share/texlive/texmf-dist/tex/latex/auxhook/auxhook.sty
Package: auxhook 2019-12-17 v1.6 Hooks for auxiliary files (HO)
)
(/usr/share/texlive/texmf-dist/tex/latex/kvoptions/kvoptions.sty
Package: kvoptions 2020-10-07 v3.14 Key value format for package options (HO)
)
\@linkdim=\dimen156
\Hy@linkcounter=\count266
\Hy@pagecounter=\count267

(/usr/share/texlive/texmf-dist/tex/latex/hyperref/pd1enc.def
File: pd1enc.def 2020-05-15 v7.00e Hyperref: PDFDocEncoding definition (HO)
Now handling font encoding PD1 ...
... no UTF-8 mapping file for font encoding PD1
)
(/usr/share/texlive/texmf-dist/tex/generic/intcalc/intcalc.sty
Package: intcalc 2019/12/15 v1.3 Expandable calculations with integers (HO)
)
(/usr/share/texlive/texmf-dist/tex/generic/etexcmds/etexcmds.sty
Package: etexcmds 2019/12/15 v1.7 Avoid name clashes with e-TeX commands (HO)
)
\Hy@SavedSpaceFactor=\count268
Package hyperref Info: Hyper figures OFF on input line 4464.
Package hyperref Info: Link nesting OFF on input line 4469.
Package hyperref Info: Hyper index ON on input line 4472.
Package hyperref Info: Plain pages OFF on input line 4479.
Package hyperref Info: Backreferencing OFF on input line 4484.
Package hyperref Info: Implicit mode ON; LaTeX internals redefined.
Package hyperref Info: Bookmarks ON on input line 4717.
\c@Hy@tempcnt=\count269

(/usr/share/texlive/texmf-dist/tex/latex/url/url.sty
\Urlmuskip=\muskip17
Package: url 2013/09/16  ver 3.4  Verb mode for urls, etc.
)
LaTeX Info: Redefining \url on input line 5076.
\XeTeXLinkMargin=\dimen157

(/usr/share/texlive/texmf-dist/tex/generic/bitset/bitset.sty
Package: bitset 2019/12/09 v1.3 Handle bit-vector datatype (HO)

(/usr/share/texlive/texmf-dist/tex/generic/bigintcalc/bigintcalc.sty
Package: bigintcalc 2019/12/15 v1.5 Expandable calculations on big integers (HO
)
))
\Fld@menulength=\count270
\Field@Width=\dimen158
\Fld@charsize=\dimen159
Package hyperref Info: Hyper figures OFF on input line 6347.
Package hyperref Info: Link nesting OFF on input line 6352.
Package hyperref Info: Hyper index ON on input line 6355.
Package hyperref Info: backreferencing OFF on input line 6362.
Package hyperref Info: Link coloring OFF on input line 6367.
Package hyperref Info: Link coloring with OCG OFF on input line 6372.
Package hyperref Info: PDF/A mode OFF on input line 6377.
LaTeX Info: Redefining \ref on input line 6417.
LaTeX Info: Redefining \pageref on input line 6421.

(/usr/share/texlive/texmf-dist/tex/latex/base/atbegshi-ltx.sty
Package: atbegshi-ltx 2020/08/17 v1.0a Emulation of the original atbegshi packa
ge
with kernel methods
)
\Hy@abspage=\count271
\c@Item=\count272
\c@Hfootnote=\count273
)
Package hyperref Info: Driver (autodetected): hpdftex.

(/usr/share/texlive/texmf-dist/tex/latex/hyperref/hpdftex.def
File: hpdftex.def 2020-05-15 v7.00e Hyperref driver for pdfTeX

(/usr/share/texlive/texmf-dist/tex/latex/base/atveryend-ltx.sty
Package: atveryend-ltx 2020/08/19 v1.0a Emulation of the original atvery packag
e
with kernel methods
)
\Fld@listcount=\count274
\c@bookmark@seq@number=\count275

(/usr/share/texlive/texmf-dist/tex/latex/rerunfilecheck/rerunfilecheck.sty
Package: rerunfilecheck 2019/12/05 v1.9 Rerun checks for auxiliary files (HO)

(/usr/share/texlive/texmf-dist/tex/generic/uniquecounter/uniquecounter.sty
Package: uniquecounter 2019/12/15 v1.4 Provide unlimited unique counter (HO)
)
Package uniquecounter Info: New unique counter `rerunfilecheck' on input line 2
86.
)
\Hy@SectionHShift=\skip64
)
(/usr/share/texlive/texmf-dist/tex/latex/l3backend/l3backend-pdftex.def
File: l3backend-pdftex.def 2020-01-29 L3 backend support: PDF output (pdfTeX)
\l__color_backend_stack_int=\count276
\l__pdf_internal_box=\box49
)
(./soluciones_tp2.aux)
\openout1 = `soluciones_tp2.aux'.

LaTeX Font Info:    Checking defaults for OML/cmm/m/it on input line 10.
LaTeX Font Info:    ... okay on input line 10.
LaTeX Font Info:    Checking defaults for OMS/cmsy/m/n on input line 10.
LaTeX Font Info:    ... okay on input line 10.
LaTeX Font Info:    Checking defaults for OT1/cmr/m/n on input line 10.
LaTeX Font Info:    ... okay on input line 10.
LaTeX Font Info:    Checking defaults for T1/cmr/m/n on input line 10.
LaTeX Font Info:    ... okay on input line 10.
LaTeX Font Info:    Checking defaults for TS1/cmr/m/n on input line 10.
LaTeX Font Info:    ... okay on input line 10.
LaTeX Font Info:    Checking defaults for OMX/cmex/m/n on input line 10.
LaTeX Font Info:    ... okay on input line 10.
LaTeX Font Info:    Checking defaults for U/cmr/m/n on input line 10.
LaTeX Font Info:    ... okay on input line 10.
LaTeX Font Info:    Checking defaults for PD1/pdf/m/n on input line 10.
LaTeX Font Info:    ... okay on input line 10.

*geometry* driver: auto-detecting
*geometry* detected driver: pdftex
*geometry* verbose mode - [ preamble ] result:
* driver: pdftex
* paper: <default>
* layout: <same size as paper>
* layoutoffset:(h,v)=(0.0pt,0.0pt)
* modes: 
* h-part:(L,W,R)=(36.98866pt, 540.31767pt, 36.98866pt)
* v-part:(T,H,B)=(36.98866pt, 720.99266pt, 36.98866pt)
* \paperwidth=614.295pt
* \paperheight=794.96999pt
* \textwidth=540.31767pt
* \textheight=720.99266pt
* \oddsidemargin=-35.28133pt
* \evensidemargin=-35.28133pt
* \topmargin=-72.28133pt
* \headheight=12.0pt
* \headsep=25.0pt
* \topskip=10.0pt
* \footskip=30.0pt
* \marginparwidth=65.0pt
* \marginparsep=11.0pt
* \columnsep=10.0pt
* \skip\footins=9.0pt plus 4.0pt minus 2.0pt
* \hoffset=0.0pt
* \voffset=0.0pt
* \mag=1000
* \@twocolumnfalse
* \@twosidefalse
* \@mparswitchfalse
* \@reversemarginfalse
* (1in=72.27pt=25.4mm, 1cm=28.453pt)

Package hyperref Info: Link coloring OFF on input line 10.
(/usr/share/texlive/texmf-dist/tex/latex/hyperref/nameref.sty
Package: nameref 2019/09/16 v2.46 Cross-referencing by name of section

(/usr/share/texlive/texmf-dist/tex/latex/refcount/refcount.sty
Package: refcount 2019/12/15 v3.6 Data extraction from label references (HO)
)
(/usr/share/texlive/texmf-dist/tex/generic/gettitlestring/gettitlestring.sty
Package: gettitlestring 2019/12/15 v1.6 Cleanup title references (HO)
)
\c@section@level=\count277
)
LaTeX Info: Redefining \ref on input line 10.
LaTeX Info: Redefining \pageref on input line 10.
LaTeX Info: Redefining \nameref on input line 10.

(./soluciones_tp2.out) (./soluciones_tp2.out)
\@outlinefile=\write3
\openout3 = `soluciones_tp2.out'.


Underfull \hbox (badness 10000) in paragraph at lines 13--55

 []


Underfull \hbox (badness 10000) in paragraph at lines 13--55

 []


Underfull \hbox (badness 10000) in paragraph at lines 13--55

 []


Underfull \hbox (badness 10000) in paragraph at lines 13--55

 []


Underfull \hbox (badness 10000) in paragraph at lines 13--55

 []


Underfull \hbox (badness 10000) in paragraph at lines 13--55

 []


Underfull \hbox (badness 10000) in paragraph at lines 13--55

 []


Underfull \hbox (badness 10000) in paragraph at lines 13--55

 []


Underfull \hbox (badness 10000) in paragraph at lines 13--55

 []


Underfull \hbox (badness 10000) in paragraph at lines 13--55

 []


Underfull \hbox (badness 10000) in paragraph at lines 13--55

 []


Underfull \hbox (badness 10000) in paragraph at lines 13--55

 []


Underfull \hbox (badness 10000) in paragraph at lines 13--55

 []


Underfull \hbox (badness 10000) in paragraph at lines 13--55

 []


Underfull \hbox (badness 10000) in paragraph at lines 13--55

 []


Underfull \hbox (badness 10000) in paragraph at lines 13--55

 []


Underfull \hbox (badness 10000) in paragraph at lines 13--55

 []


Underfull \hbox (badness 10000) in paragraph at lines 13--55

 []


Underfull \hbox (badness 10000) in paragraph at lines 13--55

 []


Package fancyhdr Warning: \headheight is too small (12.0pt): 
(fancyhdr)                Make it at least 12.60004pt, for example:
(fancyhdr)                \setlength{\headheight}{12.60004pt}.
(fancyhdr)                You might also make \topmargin smaller to compensate:

(fancyhdr)                \addtolength{\topmargin}{-0.60004pt}.

[1{/var/lib/texmf/fonts/map/pdftex/updmap/pdftex.map}

]
Underfull \hbox (badness 10000) in paragraph at lines 56--105

 []


Underfull \hbox (badness 10000) in paragraph at lines 56--105

 []


Underfull \hbox (badness 10000) in paragraph at lines 56--105

 []


Underfull \hbox (badness 10000) in paragraph at lines 56--105

 []


Underfull \hbox (badness 10000) in paragraph at lines 56--105

 []


Underfull \hbox (badness 10000) in paragraph at lines 56--105

 []


Underfull \hbox (badness 10000) in paragraph at lines 56--105

 []


Underfull \hbox (badness 10000) in paragraph at lines 56--105

 []


Underfull \hbox (badness 10000) in paragraph at lines 56--105

 []


Underfull \hbox (badness 10000) in paragraph at lines 56--105

 []


Underfull \hbox (badness 10000) in paragraph at lines 56--105

 []


Underfull \hbox (badness 10000) in paragraph at lines 56--105

 []


Underfull \hbox (badness 10000) in paragraph at lines 56--105

 []


Underfull \hbox (badness 10000) in paragraph at lines 56--105

 []


Underfull \hbox (badness 10000) in paragraph at lines 56--105

 []


Underfull \hbox (badness 10000) in paragraph at lines 56--105

 []


Underfull \hbox (badness 10000) in paragraph at lines 56--105

 []


Underfull \hbox (badness 10000) in paragraph at lines 56--105

 []


Underfull \hbox (badness 10000) in paragraph at lines 56--105

 []


Underfull \hbox (badness 10000) in paragraph at lines 56--105

 []


Underfull \hbox (badness 10000) in paragraph at lines 56--105

 []


Underfull \hbox (badness 10000) in paragraph at lines 56--105

 []


Underfull \hbox (badness 10000) in paragraph at lines 56--105

 []


Underfull \hbox (badness 10000) in paragraph at lines 56--105

 []


Underfull \hbox (badness 10000) in paragraph at lines 56--105

 []


Underfull \hbox (badness 10000) in paragraph at lines 56--105

 []


Underfull \hbox (badness 10000) in paragraph at lines 56--105

 []


Underfull \hbox (badness 10000) in paragraph at lines 56--105

 []


Underfull \hbox (badness 10000) in paragraph at lines 56--105

 []


Underfull \hbox (badness 10000) in paragraph at lines 56--105

 []


Underfull \hbox (badness 10000) in paragraph at lines 56--105

 []


Underfull \hbox (badness 10000) in paragraph at lines 56--105

 []


Underfull \hbox (badness 10000) in paragraph at lines 56--105

 []


Underfull \hbox (badness 10000) in paragraph at lines 56--105

 []


Underfull \hbox (badness 10000) in paragraph at lines 56--105

 []


Underfull \hbox (badness 10000) in paragraph at lines 56--105

 []


Underfull \hbox (badness 10000) in paragraph at lines 56--105

 []


Underfull \hbox (badness 10000) in paragraph at lines 56--105

 []


Underfull \hbox (badness 10000) in paragraph at lines 56--105

 []


Package fancyhdr Warning: \headheight is too small (12.0pt): 
(fancyhdr)                Make it at least 12.60004pt, for example:
(fancyhdr)                \setlength{\headheight}{12.60004pt}.
(fancyhdr)                You might also make \topmargin smaller to compensate:

(fancyhdr)                \addtolength{\topmargin}{-0.60004pt}.

[2]
Underfull \hbox (badness 10000) in paragraph at lines 106--124

 []


Underfull \hbox (badness 10000) in paragraph at lines 106--124

 []


Underfull \hbox (badness 10000) in paragraph at lines 106--124

 []


Underfull \hbox (badness 10000) in paragraph at lines 106--124

 []


Underfull \hbox (badness 10000) in paragraph at lines 106--124

 []


Underfull \hbox (badness 10000) in paragraph at lines 106--124

 []


Underfull \hbox (badness 10000) in paragraph at lines 106--124

 []


Underfull \hbox (badness 10000) in paragraph at lines 106--124

 []


Underfull \hbox (badness 10000) in paragraph at lines 106--124

 []


Package fancyhdr Warning: \headheight is too small (12.0pt): 
(fancyhdr)                Make it at least 12.60004pt, for example:
(fancyhdr)                \setlength{\headheight}{12.60004pt}.
(fancyhdr)                You might also make \topmargin smaller to compensate:

(fancyhdr)                \addtolength{\topmargin}{-0.60004pt}.

[3]
LaTeX Font Info:    Trying to load font information for U+msa on input line 134
.
 (/usr/share/texlive/texmf-dist/tex/latex/amsfonts/umsa.fd
File: umsa.fd 2013/01/14 v3.01 AMS symbols A
)
LaTeX Font Info:    Trying to load font information for U+msb on input line 134
.

(/usr/share/texlive/texmf-dist/tex/latex/amsfonts/umsb.fd
File: umsb.fd 2013/01/14 v3.01 AMS symbols B
)

LaTeX Warning: Command \textdegree invalid in math mode on input line 134.


LaTeX Warning: Command \textdegree invalid in math mode on input line 134.

Missing character: There is no ° in font cmr10!

LaTeX Warning: Command \textdegree invalid in math mode on input line 134.


LaTeX Warning: Command \textdegree invalid in math mode on input line 134.

Missing character: There is no ° in font cmr10!

LaTeX Warning: Command \textdegree invalid in math mode on input line 134.


LaTeX Warning: Command \textdegree invalid in math mode on input line 134.

Missing character: There is no ° in font cmr10!

LaTeX Warning: Command \textdegree invalid in math mode on input line 136.


LaTeX Warning: Command \textdegree invalid in math mode on input line 136.

Missing character: There is no ° in font cmr10!

LaTeX Warning: Command \textdegree invalid in math mode on input line 136.


LaTeX Warning: Command \textdegree invalid in math mode on input line 136.

Missing character: There is no ° in font cmr10!

LaTeX Warning: Command \textdegree invalid in math mode on input line 136.


LaTeX Warning: Command \textdegree invalid in math mode on input line 136.

Missing character: There is no ° in font cmr10!

LaTeX Warning: Command \textdegree invalid in math mode on input line 136.


LaTeX Warning: Command \textdegree invalid in math mode on input line 136.

Missing character: There is no ° in font cmr10!

LaTeX Warning: Command \textdegree invalid in math mode on input line 136.


LaTeX Warning: Command \textdegree invalid in math mode on input line 136.

Missing character: There is no ° in font cmr10!

LaTeX Warning: Command \textdegree invalid in math mode on input line 136.


LaTeX Warning: Command \textdegree invalid in math mode on input line 136.

Missing character: There is no ° in font cmr10!

LaTeX Warning: Command \textdegree invalid in math mode on input line 136.


LaTeX Warning: Command \textdegree invalid in math mode on input line 136.

Missing character: There is no ° in font cmr10!

Underfull \hbox (badness 10000) in paragraph at lines 125--142

 []


Underfull \hbox (badness 10000) in paragraph at lines 125--142

 []


Underfull \hbox (badness 10000) in paragraph at lines 125--142

 []


Underfull \hbox (badness 10000) in paragraph at lines 125--142

 []


Underfull \hbox (badness 10000) in paragraph at lines 125--142

 []


LaTeX Warning: Command \textdegree invalid in math mode on input line 150.


LaTeX Warning: Command \textdegree invalid in math mode on input line 150.

Missing character: There is no ° in font cmr10!

LaTeX Warning: Command \textdegree invalid in math mode on input line 166.


LaTeX Warning: Command \textdegree invalid in math mode on input line 166.

Missing character: There is no ° in font cmr10!

LaTeX Warning: Command \textdegree invalid in math mode on input line 166.


LaTeX Warning: Command \textdegree invalid in math mode on input line 166.

Missing character: There is no ° in font cmr10!

LaTeX Warning: Command \textdegree invalid in math mode on input line 166.


LaTeX Warning: Command \textdegree invalid in math mode on input line 166.

Missing character: There is no ° in font cmr10!

LaTeX Warning: Command \textdegree invalid in math mode on input line 193.


LaTeX Warning: Command \textdegree invalid in math mode on input line 193.

Missing character: There is no ° in font cmr10!

Underfull \hbox (badness 10000) in paragraph at lines 164--197

 []


Underfull \hbox (badness 10000) in paragraph at lines 164--197

 []


Underfull \hbox (badness 10000) in paragraph at lines 164--197

 []


Underfull \hbox (badness 10000) in paragraph at lines 164--197

 []


Underfull \hbox (badness 10000) in paragraph at lines 164--197

 []


Underfull \hbox (badness 10000) in paragraph at lines 164--197

 []


Underfull \hbox (badness 10000) in paragraph at lines 164--197

 []


Underfull \hbox (badness 10000) in paragraph at lines 164--197

 []


Underfull \hbox (badness 10000) in paragraph at lines 164--197

 []


Underfull \hbox (badness 10000) in paragraph at lines 164--197

 []


Package fancyhdr Warning: \headheight is too small (12.0pt): 
(fancyhdr)                Make it at least 12.60004pt, for example:
(fancyhdr)                \setlength{\headheight}{12.60004pt}.
(fancyhdr)                You might also make \topmargin smaller to compensate:

(fancyhdr)                \addtolength{\topmargin}{-0.60004pt}.

[4]

LaTeX Warning: Command \textdegree invalid in math mode on input line 213.


LaTeX Warning: Command \textdegree invalid in math mode on input line 213.

Missing character: There is no ° in font cmr10!

LaTeX Warning: Command \textdegree invalid in math mode on input line 215.


LaTeX Warning: Command \textdegree invalid in math mode on input line 215.

Missing character: There is no ° in font cmr10!

LaTeX Warning: Command \textdegree invalid in math mode on input line 215.


LaTeX Warning: Command \textdegree invalid in math mode on input line 215.

Missing character: There is no ° in font cmr10!

LaTeX Warning: Command \textdegree invalid in math mode on input line 215.


LaTeX Warning: Command \textdegree invalid in math mode on input line 215.

Missing character: There is no ° in font cmr10!

LaTeX Warning: Command \textdegree invalid in math mode on input line 215.


LaTeX Warning: Command \textdegree invalid in math mode on input line 215.

Missing character: There is no ° in font cmr10!

LaTeX Warning: Command \textdegree invalid in math mode on input line 219.


LaTeX Warning: Command \textdegree invalid in math mode on input line 219.

Missing character: There is no ° in font cmr10!

LaTeX Warning: Command \textdegree invalid in math mode on input line 221.


LaTeX Warning: Command \textdegree invalid in math mode on input line 221.

Missing character: There is no ° in font cmr10!

LaTeX Warning: Command \textdegree invalid in math mode on input line 221.


LaTeX Warning: Command \textdegree invalid in math mode on input line 221.

Missing character: There is no ° in font cmr10!

LaTeX Warning: Command \textdegree invalid in math mode on input line 225.


LaTeX Warning: Command \textdegree invalid in math mode on input line 225.

Missing character: There is no ° in font cmr10!

LaTeX Warning: Command \textdegree invalid in math mode on input line 229.


LaTeX Warning: Command \textdegree invalid in math mode on input line 229.


LaTeX Warning: Command \textdegree invalid in math mode on input line 229.


LaTeX Warning: Command \textdegree invalid in math mode on input line 229.

Missing character: There is no ° in font cmr10!
Missing character: There is no ° in font cmr10!

Underfull \hbox (badness 10000) in paragraph at lines 211--241

 []


Underfull \hbox (badness 10000) in paragraph at lines 211--241

 []


Underfull \hbox (badness 10000) in paragraph at lines 211--241

 []


Underfull \hbox (badness 10000) in paragraph at lines 211--241

 []


Underfull \hbox (badness 10000) in paragraph at lines 211--241

 []


Underfull \hbox (badness 10000) in paragraph at lines 211--241

 []


Underfull \hbox (badness 10000) in paragraph at lines 211--241

 []


Underfull \hbox (badness 10000) in paragraph at lines 211--241

 []


Underfull \hbox (badness 10000) in paragraph at lines 211--241

 []


Underfull \hbox (badness 10000) in paragraph at lines 211--241

 []


Underfull \hbox (badness 10000) in paragraph at lines 211--241

 []


Package fancyhdr Warning: \headheight is too small (12.0pt): 
(fancyhdr)                Make it at least 12.60004pt, for example:
(fancyhdr)                \setlength{\headheight}{12.60004pt}.
(fancyhdr)                You might also make \topmargin smaller to compensate:

(fancyhdr)                \addtolength{\topmargin}{-0.60004pt}.

[5]

LaTeX Warning: Command \textdegree invalid in math mode on input line 248.


LaTeX Warning: Command \textdegree invalid in math mode on input line 248.

Missing character: There is no ° in font cmr10!

LaTeX Warning: Command \textdegree invalid in math mode on input line 250.


LaTeX Warning: Command \textdegree invalid in math mode on input line 250.

Missing character: There is no ° in font cmr10!

LaTeX Warning: Command \textdegree invalid in math mode on input line 250.


LaTeX Warning: Command \textdegree invalid in math mode on input line 250.

Missing character: There is no ° in font cmr10!

LaTeX Warning: Command \textdegree invalid in math mode on input line 254.


LaTeX Warning: Command \textdegree invalid in math mode on input line 254.


LaTeX Warning: Command \textdegree invalid in math mode on input line 254.


LaTeX Warning: Command \textdegree invalid in math mode on input line 254.


LaTeX Warning: Command \textdegree invalid in math mode on input line 254.


LaTeX Warning: Command \textdegree invalid in math mode on input line 254.


LaTeX Warning: Command \textdegree invalid in math mode on input line 254.


LaTeX Warning: Command \textdegree invalid in math mode on input line 254.


LaTeX Warning: Command \textdegree invalid in math mode on input line 254.


LaTeX Warning: Command \textdegree invalid in math mode on input line 254.

Missing character: There is no ° in font cmr10!
Missing character: There is no ° in font cmr10!
Missing character: There is no ° in font cmr10!
Missing character: There is no ° in font cmr10!
Missing character: There is no ° in font cmr10!

LaTeX Warning: Command \textdegree invalid in math mode on input line 256.


LaTeX Warning: Command \textdegree invalid in math mode on input line 256.

Missing character: There is no ° in font cmr10!

LaTeX Warning: Command \textdegree invalid in math mode on input line 258.


LaTeX Warning: Command \textdegree invalid in math mode on input line 258.

Missing character: There is no ° in font cmr10!

LaTeX Warning: Command \textdegree invalid in math mode on input line 259.


LaTeX Warning: Command \textdegree invalid in math mode on input line 259.


LaTeX Warning: Command \textdegree invalid in math mode on input line 259.


LaTeX Warning: Command \textdegree invalid in math mode on input line 259.


LaTeX Warning: Command \textdegree invalid in math mode on input line 259.


LaTeX Warning: Command \textdegree invalid in math mode on input line 259.

Missing character: There is no ° in font cmr10!
Missing character: There is no ° in font cmr10!
Missing character: There is no ° in font cmr10!

LaTeX Warning: Command \textdegree invalid in math mode on input line 260.


LaTeX Warning: Command \textdegree invalid in math mode on input line 260.


LaTeX Warning: Command \textdegree invalid in math mode on input line 260.


LaTeX Warning: Command \textdegree invalid in math mode on input line 260.

Missing character: There is no ° in font cmr10!
Missing character: There is no ° in font cmr10!

LaTeX Warning: Command \textdegree invalid in math mode on input line 263.


LaTeX Warning: Command \textdegree invalid in math mode on input line 263.

Missing character: There is no ° in font cmr10!

LaTeX Warning: Command \textdegree invalid in math mode on input line 267.


LaTeX Warning: Command \textdegree invalid in math mode on input line 267.

Missing character: There is no ° in font cmr10!

LaTeX Warning: Command \textdegree invalid in math mode on input line 267.


LaTeX Warning: Command \textdegree invalid in math mode on input line 267.

Missing character: There is no ° in font cmr10!

LaTeX Warning: Command \textdegree invalid in math mode on input line 271.


LaTeX Warning: Command \textdegree invalid in math mode on input line 271.

Missing character: There is no ° in font cmr10!

LaTeX Warning: Command \textdegree invalid in math mode on input line 271.


LaTeX Warning: Command \textdegree invalid in math mode on input line 271.

Missing character: There is no ° in font cmr10!

LaTeX Warning: Command \textdegree invalid in math mode on input line 275.


LaTeX Warning: Command \textdegree invalid in math mode on input line 275.

Missing character: There is no ° in font cmr10!

LaTeX Warning: Command \textdegree invalid in math mode on input line 275.


LaTeX Warning: Command \textdegree invalid in math mode on input line 275.

Missing character: There is no ° in font cmr10!

LaTeX Warning: Command \textdegree invalid in math mode on input line 277.


LaTeX Warning: Command \textdegree invalid in math mode on input line 277.

Missing character: There is no ° in font cmr10!

LaTeX Warning: Command \textdegree invalid in math mode on input line 279.


LaTeX Warning: Command \textdegree invalid in math mode on input line 279.

Missing character: There is no ° in font cmr10!

LaTeX Warning: Command \textdegree invalid in math mode on input line 283.


LaTeX Warning: Command \textdegree invalid in math mode on input line 283.

Missing character: There is no ° in font cmr10!

LaTeX Warning: Command \textdegree invalid in math mode on input line 283.


LaTeX Warning: Command \textdegree invalid in math mode on input line 283.

Missing character: There is no ° in font cmr10!

LaTeX Warning: Command \textdegree invalid in math mode on input line 283.


LaTeX Warning: Command \textdegree invalid in math mode on input line 283.

Missing character: There is no ° in font cmr10!

LaTeX Warning: Command \textdegree invalid in math mode on input line 283.


LaTeX Warning: Command \textdegree invalid in math mode on input line 283.

Missing character: There is no ° in font cmr10!

LaTeX Warning: Command \textdegree invalid in math mode on input line 283.


LaTeX Warning: Command \textdegree invalid in math mode on input line 283.

Missing character: There is no ° in font cmr10!

LaTeX Warning: Command \textdegree invalid in math mode on input line 287.


LaTeX Warning: Command \textdegree invalid in math mode on input line 287.

Missing character: There is no ° in font cmr10!

LaTeX Warning: Command \textdegree invalid in math mode on input line 287.


LaTeX Warning: Command \textdegree invalid in math mode on input line 287.

Missing character: There is no ° in font cmr10!

LaTeX Warning: Command \textdegree invalid in math mode on input line 287.


LaTeX Warning: Command \textdegree invalid in math mode on input line 287.

Missing character: There is no ° in font cmr10!

LaTeX Warning: Command \textdegree invalid in math mode on input line 287.


LaTeX Warning: Command \textdegree invalid in math mode on input line 287.

Missing character: There is no ° in font cmr10!

LaTeX Warning: Command \textdegree invalid in math mode on input line 287.


LaTeX Warning: Command \textdegree invalid in math mode on input line 287.

Missing character: There is no ° in font cmr10!

LaTeX Warning: Command \textdegree invalid in math mode on input line 287.


LaTeX Warning: Command \textdegree invalid in math mode on input line 287.

Missing character: There is no ° in font cmr10!

LaTeX Warning: Command \textdegree invalid in math mode on input line 289.


LaTeX Warning: Command \textdegree invalid in math mode on input line 289.

Missing character: There is no ° in font cmr10!

LaTeX Warning: Command \textdegree invalid in math mode on input line 293.


LaTeX Warning: Command \textdegree invalid in math mode on input line 293.

Missing character: There is no ° in font cmr10!

LaTeX Warning: Command \textdegree invalid in math mode on input line 297.


LaTeX Warning: Command \textdegree invalid in math mode on input line 297.


LaTeX Warning: Command \textdegree invalid in math mode on input line 297.


LaTeX Warning: Command \textdegree invalid in math mode on input line 297.

Missing character: There is no ° in font cmr10!
Missing character: There is no ° in font cmr10!

LaTeX Warning: Command \textdegree invalid in math mode on input line 301.


LaTeX Warning: Command \textdegree invalid in math mode on input line 301.

Missing character: There is no ° in font cmr10!

LaTeX Warning: Command \textdegree invalid in math mode on input line 303.


LaTeX Warning: Command \textdegree invalid in math mode on input line 303.

Missing character: There is no ° in font cmr10!

LaTeX Warning: Command \textdegree invalid in math mode on input line 303.


LaTeX Warning: Command \textdegree invalid in math mode on input line 303.

Missing character: There is no ° in font cmr10!

LaTeX Warning: Command \textdegree invalid in math mode on input line 303.


LaTeX Warning: Command \textdegree invalid in math mode on input line 303.

Missing character: There is no ° in font cmr10!

LaTeX Warning: Command \textdegree invalid in math mode on input line 303.


LaTeX Warning: Command \textdegree invalid in math mode on input line 303.

Missing character: There is no ° in font cmr10!

LaTeX Warning: Command \textdegree invalid in math mode on input line 303.


LaTeX Warning: Command \textdegree invalid in math mode on input line 303.

Missing character: There is no ° in font cmr10!

LaTeX Warning: Command \textdegree invalid in math mode on input line 303.


LaTeX Warning: Command \textdegree invalid in math mode on input line 303.

Missing character: There is no ° in font cmr10!

LaTeX Warning: Command \textdegree invalid in math mode on input line 305.


LaTeX Warning: Command \textdegree invalid in math mode on input line 305.

Missing character: There is no ° in font cmr10!

LaTeX Warning: Command \textdegree invalid in math mode on input line 305.


LaTeX Warning: Command \textdegree invalid in math mode on input line 305.

Missing character: There is no ° in font cmr10!

LaTeX Warning: Command \textdegree invalid in math mode on input line 307.


LaTeX Warning: Command \textdegree invalid in math mode on input line 307.

Missing character: There is no ° in font cmr10!

LaTeX Warning: Command \textdegree invalid in math mode on input line 309.


LaTeX Warning: Command \textdegree invalid in math mode on input line 309.

Missing character: There is no ° in font cmr10!

LaTeX Warning: Command \textdegree invalid in math mode on input line 313.


LaTeX Warning: Command \textdegree invalid in math mode on input line 313.

Missing character: There is no ° in font cmr10!

LaTeX Warning: Command \textdegree invalid in math mode on input line 313.


LaTeX Warning: Command \textdegree invalid in math mode on input line 313.

Missing character: There is no ° in font cmr10!

LaTeX Warning: Command \textdegree invalid in math mode on input line 313.


LaTeX Warning: Command \textdegree invalid in math mode on input line 313.

Missing character: There is no ° in font cmr10!

LaTeX Warning: Command \textdegree invalid in math mode on input line 313.


LaTeX Warning: Command \textdegree invalid in math mode on input line 313.

Missing character: There is no ° in font cmr10!

LaTeX Warning: Command \textdegree invalid in math mode on input line 314.


LaTeX Warning: Command \textdegree invalid in math mode on input line 314.

Missing character: There is no ° in font cmr10!

LaTeX Warning: Command \textdegree invalid in math mode on input line 314.


LaTeX Warning: Command \textdegree invalid in math mode on input line 314.

Missing character: There is no ° in font cmr10!

LaTeX Warning: Command \textdegree invalid in math mode on input line 314.


LaTeX Warning: Command \textdegree invalid in math mode on input line 314.

Missing character: There is no ° in font cmr10!

LaTeX Warning: Command \textdegree invalid in math mode on input line 314.


LaTeX Warning: Command \textdegree invalid in math mode on input line 314.

Missing character: There is no ° in font cmr10!

LaTeX Warning: Command \textdegree invalid in math mode on input line 315.


LaTeX Warning: Command \textdegree invalid in math mode on input line 315.

Missing character: There is no ° in font cmr10!

LaTeX Warning: Command \textdegree invalid in math mode on input line 315.


LaTeX Warning: Command \textdegree invalid in math mode on input line 315.

Missing character: There is no ° in font cmr10!

LaTeX Warning: Command \textdegree invalid in math mode on input line 315.


LaTeX Warning: Command \textdegree invalid in math mode on input line 315.

Missing character: There is no ° in font cmr10!

LaTeX Warning: Command \textdegree invalid in math mode on input line 315.


LaTeX Warning: Command \textdegree invalid in math mode on input line 315.

Missing character: There is no ° in font cmr10!

LaTeX Warning: Command \textdegree invalid in math mode on input line 316.


LaTeX Warning: Command \textdegree invalid in math mode on input line 316.

Missing character: There is no ° in font cmr10!

LaTeX Warning: Command \textdegree invalid in math mode on input line 316.


LaTeX Warning: Command \textdegree invalid in math mode on input line 316.

Missing character: There is no ° in font cmr10!

LaTeX Warning: Command \textdegree invalid in math mode on input line 316.


LaTeX Warning: Command \textdegree invalid in math mode on input line 316.

Missing character: There is no ° in font cmr10!

LaTeX Warning: Command \textdegree invalid in math mode on input line 316.


LaTeX Warning: Command \textdegree invalid in math mode on input line 316.

Missing character: There is no ° in font cmr10!

LaTeX Warning: Command \textdegree invalid in math mode on input line 317.


LaTeX Warning: Command \textdegree invalid in math mode on input line 317.

Missing character: There is no ° in font cmr10!

LaTeX Warning: Command \textdegree invalid in math mode on input line 317.


LaTeX Warning: Command \textdegree invalid in math mode on input line 317.

Missing character: There is no ° in font cmr10!

LaTeX Warning: Command \textdegree invalid in math mode on input line 317.


LaTeX Warning: Command \textdegree invalid in math mode on input line 317.

Missing character: There is no ° in font cmr10!

LaTeX Warning: Command \textdegree invalid in math mode on input line 317.


LaTeX Warning: Command \textdegree invalid in math mode on input line 317.

Missing character: There is no ° in font cmr10!

LaTeX Warning: Command \textdegree invalid in math mode on input line 321.


LaTeX Warning: Command \textdegree invalid in math mode on input line 321.

Missing character: There is no ° in font cmr10!

LaTeX Warning: Command \textdegree invalid in math mode on input line 322.


LaTeX Warning: Command \textdegree invalid in math mode on input line 322.

Missing character: There is no ° in font cmr10!

LaTeX Warning: Command \textdegree invalid in math mode on input line 323.


LaTeX Warning: Command \textdegree invalid in math mode on input line 323.

Missing character: There is no ° in font cmr10!

LaTeX Warning: Command \textdegree invalid in math mode on input line 324.


LaTeX Warning: Command \textdegree invalid in math mode on input line 324.

Missing character: There is no ° in font cmr10!

LaTeX Warning: Command \textdegree invalid in math mode on input line 325.


LaTeX Warning: Command \textdegree invalid in math mode on input line 325.

Missing character: There is no ° in font cmr10!

LaTeX Warning: Command \textdegree invalid in math mode on input line 328.


LaTeX Warning: Command \textdegree invalid in math mode on input line 328.

Missing character: There is no ° in font cmr10!

LaTeX Warning: Command \textdegree invalid in math mode on input line 332.


LaTeX Warning: Command \textdegree invalid in math mode on input line 332.

Missing character: There is no ° in font cmr10!

LaTeX Warning: Command \textdegree invalid in math mode on input line 336.


LaTeX Warning: Command \textdegree invalid in math mode on input line 336.


LaTeX Warning: Command \textdegree invalid in math mode on input line 336.


LaTeX Warning: Command \textdegree invalid in math mode on input line 336.

Missing character: There is no ° in font cmr10!
Missing character: There is no ° in font cmr10!

LaTeX Warning: Command \textdegree invalid in math mode on input line 340.


LaTeX Warning: Command \textdegree invalid in math mode on input line 340.

Missing character: There is no ° in font cmr10!

LaTeX Warning: Command \textdegree invalid in math mode on input line 344.


LaTeX Warning: Command \textdegree invalid in math mode on input line 344.


LaTeX Warning: Command \textdegree invalid in math mode on input line 344.


LaTeX Warning: Command \textdegree invalid in math mode on input line 344.

Missing character: There is no ° in font cmr10!
Missing character: There is no ° in font cmr10!

LaTeX Warning: Command \textdegree invalid in math mode on input line 348.


LaTeX Warning: Command \textdegree invalid in math mode on input line 348.


LaTeX Warning: Command \textdegree invalid in math mode on input line 348.


LaTeX Warning: Command \textdegree invalid in math mode on input line 348.

Missing character: There is no ° in font cmr10!
Missing character: There is no ° in font cmr10!

LaTeX Warning: Command \textdegree invalid in math mode on input line 352.


LaTeX Warning: Command \textdegree invalid in math mode on input line 352.

Missing character: There is no ° in font cmr10!

LaTeX Warning: Command \textdegree invalid in math mode on input line 354.


LaTeX Warning: Command \textdegree invalid in math mode on input line 354.

Missing character: There is no ° in font cmr10!

LaTeX Warning: Command \textdegree invalid in math mode on input line 356.


LaTeX Warning: Command \textdegree invalid in math mode on input line 356.


LaTeX Warning: Command \textdegree invalid in math mode on input line 356.


LaTeX Warning: Command \textdegree invalid in math mode on input line 356.


LaTeX Warning: Command \textdegree invalid in math mode on input line 356.


LaTeX Warning: Command \textdegree invalid in math mode on input line 356.

Missing character: There is no ° in font cmr10!
Missing character: There is no ° in font cmr10!
Missing character: There is no ° in font cmr10!

LaTeX Warning: Command \textdegree invalid in math mode on input line 358.


LaTeX Warning: Command \textdegree invalid in math mode on input line 358.

Missing character: There is no ° in font cmr10!

LaTeX Warning: Command \textdegree invalid in math mode on input line 358.


LaTeX Warning: Command \textdegree invalid in math mode on input line 358.

Missing character: There is no ° in font cmr10!

LaTeX Warning: Command \textdegree invalid in math mode on input line 360.


LaTeX Warning: Command \textdegree invalid in math mode on input line 360.


LaTeX Warning: Command \textdegree invalid in math mode on input line 360.


LaTeX Warning: Command \textdegree invalid in math mode on input line 360.

Missing character: There is no ° in font cmr10!
Missing character: There is no ° in font cmr10!

LaTeX Warning: Command \textdegree invalid in math mode on input line 362.


LaTeX Warning: Command \textdegree invalid in math mode on input line 362.

Missing character: There is no ° in font cmr10!

LaTeX Warning: Command \textdegree invalid in math mode on input line 362.


LaTeX Warning: Command \textdegree invalid in math mode on input line 362.

Missing character: There is no ° in font cmr10!

LaTeX Warning: Command \textdegree invalid in math mode on input line 362.


LaTeX Warning: Command \textdegree invalid in math mode on input line 362.

Missing character: There is no ° in font cmr10!

LaTeX Warning: Command \textdegree invalid in math mode on input line 364.


LaTeX Warning: Command \textdegree invalid in math mode on input line 364.

Missing character: There is no ° in font cmr10!

Underfull \hbox (badness 10000) in paragraph at lines 242--404

 []


Underfull \hbox (badness 10000) in paragraph at lines 242--404

 []


Underfull \hbox (badness 10000) in paragraph at lines 242--404

 []


Underfull \hbox (badness 10000) in paragraph at lines 242--404

 []


Underfull \hbox (badness 10000) in paragraph at lines 242--404

 []


Underfull \hbox (badness 10000) in paragraph at lines 242--404

 []


Underfull \hbox (badness 10000) in paragraph at lines 242--404

 []


Underfull \hbox (badness 10000) in paragraph at lines 242--404

 []


Underfull \hbox (badness 10000) in paragraph at lines 242--404

 []


Underfull \hbox (badness 10000) in paragraph at lines 242--404

 []


Underfull \hbox (badness 10000) in paragraph at lines 242--404

 []


Underfull \hbox (badness 10000) in paragraph at lines 242--404

 []


Underfull \hbox (badness 10000) in paragraph at lines 242--404

 []


Underfull \hbox (badness 10000) in paragraph at lines 242--404

 []


Underfull \hbox (badness 10000) in paragraph at lines 242--404

 []


Underfull \hbox (badness 10000) in paragraph at lines 242--404

 []


Underfull \hbox (badness 10000) in paragraph at lines 242--404

 []


Underfull \hbox (badness 10000) in paragraph at lines 242--404

 []


Underfull \hbox (badness 10000) in paragraph at lines 242--404

 []


Underfull \hbox (badness 10000) in paragraph at lines 242--404

 []


Underfull \hbox (badness 10000) in paragraph at lines 242--404

 []


Underfull \hbox (badness 10000) in paragraph at lines 242--404

 []


Underfull \hbox (badness 10000) in paragraph at lines 242--404

 []


Underfull \hbox (badness 10000) in paragraph at lines 242--404

 []


Underfull \hbox (badness 10000) in paragraph at lines 242--404

 []


Underfull \hbox (badness 10000) in paragraph at lines 242--404

 []


Underfull \hbox (badness 10000) in paragraph at lines 242--404

 []


Underfull \hbox (badness 10000) in paragraph at lines 242--404

 []


Underfull \hbox (badness 10000) in paragraph at lines 242--404

 []


Underfull \hbox (badness 10000) in paragraph at lines 242--404

 []


Underfull \hbox (badness 10000) in paragraph at lines 242--404

 []


Underfull \hbox (badness 10000) in paragraph at lines 242--404

 []


Underfull \hbox (badness 10000) in paragraph at lines 242--404

 []


Underfull \hbox (badness 10000) in paragraph at lines 242--404

 []


Underfull \hbox (badness 10000) in paragraph at lines 242--404

 []


Underfull \hbox (badness 10000) in paragraph at lines 242--404

 []


Underfull \hbox (badness 10000) in paragraph at lines 242--404

 []


Underfull \hbox (badness 10000) in paragraph at lines 242--404

 []


Underfull \hbox (badness 10000) in paragraph at lines 242--404

 []


Underfull \hbox (badness 10000) in paragraph at lines 242--404

 []


Underfull \hbox (badness 10000) in paragraph at lines 242--404

 []


Underfull \hbox (badness 10000) in paragraph at lines 242--404

 []


Underfull \hbox (badness 10000) in paragraph at lines 242--404

 []


Underfull \hbox (badness 10000) in paragraph at lines 242--404

 []


Underfull \hbox (badness 10000) in paragraph at lines 242--404

 []


Underfull \hbox (badness 10000) in paragraph at lines 242--404

 []


Underfull \hbox (badness 10000) in paragraph at lines 242--404

 []


Underfull \hbox (badness 10000) in paragraph at lines 242--404

 []


Underfull \hbox (badness 10000) in paragraph at lines 242--404

 []


Underfull \hbox (badness 10000) in paragraph at lines 242--404

 []


Underfull \hbox (badness 10000) in paragraph at lines 242--404

 []


Underfull \hbox (badness 10000) in paragraph at lines 242--404

 []


Underfull \hbox (badness 10000) in paragraph at lines 242--404

 []


Underfull \hbox (badness 10000) in paragraph at lines 242--404

 []


Underfull \hbox (badness 10000) in paragraph at lines 242--404

 []


Underfull \hbox (badness 10000) in paragraph at lines 242--404

 []


Underfull \hbox (badness 10000) in paragraph at lines 242--404

 []


Underfull \hbox (badness 10000) in paragraph at lines 242--404

 []


Underfull \hbox (badness 10000) in paragraph at lines 242--404

 []


Underfull \hbox (badness 10000) in paragraph at lines 242--404

 []


Underfull \hbox (badness 10000) in paragraph at lines 242--404

 []


Underfull \hbox (badness 10000) in paragraph at lines 242--404

 []


Underfull \hbox (badness 10000) in paragraph at lines 242--404

 []


Underfull \hbox (badness 10000) in paragraph at lines 242--404

 []


Underfull \hbox (badness 10000) in paragraph at lines 242--404

 []


Underfull \hbox (badness 10000) in paragraph at lines 242--404

 []


Underfull \hbox (badness 10000) in paragraph at lines 242--404

 []


Underfull \hbox (badness 10000) in paragraph at lines 242--404

 []


Package fancyhdr Warning: \headheight is too small (12.0pt): 
(fancyhdr)                Make it at least 12.60004pt, for example:
(fancyhdr)                \setlength{\headheight}{12.60004pt}.
(fancyhdr)                You might also make \topmargin smaller to compensate:

(fancyhdr)                \addtolength{\topmargin}{-0.60004pt}.

[6]

Package fancyhdr Warning: \headheight is too small (12.0pt): 
(fancyhdr)                Make it at least 12.60004pt, for example:
(fancyhdr)                \setlength{\headheight}{12.60004pt}.
(fancyhdr)                You might also make \topmargin smaller to compensate:

(fancyhdr)                \addtolength{\topmargin}{-0.60004pt}.

[7]

Package fancyhdr Warning: \headheight is too small (12.0pt): 
(fancyhdr)                Make it at least 12.60004pt, for example:
(fancyhdr)                \setlength{\headheight}{12.60004pt}.
(fancyhdr)                You might also make \topmargin smaller to compensate:

(fancyhdr)                \addtolength{\topmargin}{-0.60004pt}.

[8]

Package fancyhdr Warning: \headheight is too small (12.0pt): 
(fancyhdr)                Make it at least 12.60004pt, for example:
(fancyhdr)                \setlength{\headheight}{12.60004pt}.
(fancyhdr)                You might also make \topmargin smaller to compensate:

(fancyhdr)                \addtolength{\topmargin}{-0.60004pt}.

[9] (./soluciones_tp2.aux)
Package rerunfilecheck Info: File `soluciones_tp2.out' has not changed.
(rerunfilecheck)             Checksum: D41D8CD98F00B204E9800998ECF8427E;0.
 ) 
Here is how much of TeX's memory you used:
 6205 strings out of 481252
 92154 string characters out of 5915888
 419069 words of memory out of 5000000
 23049 multiletter control sequences out of 15000+600000
 407736 words of font info for 43 fonts, out of 8000000 for 9000
 14 hyphenation exceptions out of 8191
 71i,11n,74p,760b,340s stack positions out of 5000i,500n,10000p,200000b,80000s
 </home/esotericwarfare/.texlive2020/texmf-var/fonts/pk/ljfour/jknappen/ec/tc
rm1000.600pk> </home/esotericwarfare/.texlive2020/texmf-var/fonts/pk/ljfour/jkn
appen/ec/tcrm1200.600pk></usr/share/texlive/texmf-dist/fonts/type1/public/amsfo
nts/cm/cmbx10.pfb></usr/share/texlive/texmf-dist/fonts/type1/public/amsfonts/cm
/cmmi10.pfb></usr/share/texlive/texmf-dist/fonts/type1/public/amsfonts/cm/cmr10
.pfb></usr/share/texlive/texmf-dist/fonts/type1/public/amsfonts/cm/cmr12.pfb></
usr/share/texlive/texmf-dist/fonts/type1/public/amsfonts/cm/cmsy10.pfb>
Output written on soluciones_tp2.pdf (9 pages, 87902 bytes).
PDF statistics:
 82 PDF objects out of 1000 (max. 8388607)
 63 compressed objects within 1 object stream
 12 named destinations out of 1000 (max. 500000)
 1 words of extra memory for PDF output out of 10000 (max. 10000000)

