This is pdfTeX, Version 3.14159265-2.6-1.40.21 (TeX Live 2020/Debian) (preloaded format=pdflatex 2023.5.16)  24 MAY 2023 13:48
entering extended mode
 restricted \write18 enabled.
 %&-line parsing enabled.
**repaso.tex
(./repaso.tex
LaTeX2e <2020-10-01> patch level 4
L3 programming layer <2021-01-09> xparse <2020-03-03>
(/usr/share/texlive/texmf-dist/tex/latex/base/article.cls
Document Class: article 2020/04/10 v1.4m Standard LaTeX document class
(/usr/share/texlive/texmf-dist/tex/latex/base/size10.clo
File: size10.clo 2020/04/10 v1.4m Standard LaTeX file (size option)
)
\c@part=\count177
\c@section=\count178
\c@subsection=\count179
\c@subsubsection=\count180
\c@paragraph=\count181
\c@subparagraph=\count182
\c@figure=\count183
\c@table=\count184
\abovecaptionskip=\skip47
\belowcaptionskip=\skip48
\bibindent=\dimen138
)
(/usr/share/texlive/texmf-dist/tex/latex/geometry/geometry.sty
Package: geometry 2020/01/02 v5.9 Page Geometry

(/usr/share/texlive/texmf-dist/tex/latex/graphics/keyval.sty
Package: keyval 2014/10/28 v1.15 key=value parser (DPC)
\KV@toks@=\toks15
)
(/usr/share/texlive/texmf-dist/tex/generic/iftex/ifvtex.sty
Package: ifvtex 2019/10/25 v1.7 ifvtex legacy package. Use iftex instead.

(/usr/share/texlive/texmf-dist/tex/generic/iftex/iftex.sty
Package: iftex 2020/03/06 v1.0d TeX engine tests
))
\Gm@cnth=\count185
\Gm@cntv=\count186
\c@Gm@tempcnt=\count187
\Gm@bindingoffset=\dimen139
\Gm@wd@mp=\dimen140
\Gm@odd@mp=\dimen141
\Gm@even@mp=\dimen142
\Gm@layoutwidth=\dimen143
\Gm@layoutheight=\dimen144
\Gm@layouthoffset=\dimen145
\Gm@layoutvoffset=\dimen146
\Gm@dimlist=\toks16
)
(/usr/share/texlive/texmf-dist/tex/latex/psnfss/times.sty
Package: times 2020/03/25 PSNFSS-v9.3 (SPQR) 
)
(/usr/share/texlive/texmf-dist/tex/latex/fancyhdr/fancyhdr.sty
Package: fancyhdr 2021/01/04 v4.0 Extensive control of page headers and footers

\f@nch@headwidth=\skip49
\f@nch@O@elh=\skip50
\f@nch@O@erh=\skip51
\f@nch@O@olh=\skip52
\f@nch@O@orh=\skip53
\f@nch@O@elf=\skip54
\f@nch@O@erf=\skip55
\f@nch@O@olf=\skip56
\f@nch@O@orf=\skip57
)
LaTeX Font Info:    Trying to load font information for OT1+ptm on input line 7
.

(/usr/share/texlive/texmf-dist/tex/latex/psnfss/ot1ptm.fd
File: ot1ptm.fd 2001/06/04 font definitions for OT1/ptm.
)
(/usr/share/texlive/texmf-dist/tex/latex/l3backend/l3backend-pdftex.def
File: l3backend-pdftex.def 2020-01-29 L3 backend support: PDF output (pdfTeX)
\l__color_backend_stack_int=\count188
\l__pdf_internal_box=\box47
)
(./repaso.aux)
\openout1 = `repaso.aux'.

LaTeX Font Info:    Checking defaults for OML/cmm/m/it on input line 7.
LaTeX Font Info:    ... okay on input line 7.
LaTeX Font Info:    Checking defaults for OMS/cmsy/m/n on input line 7.
LaTeX Font Info:    ... okay on input line 7.
LaTeX Font Info:    Checking defaults for OT1/cmr/m/n on input line 7.
LaTeX Font Info:    ... okay on input line 7.
LaTeX Font Info:    Checking defaults for T1/cmr/m/n on input line 7.
LaTeX Font Info:    ... okay on input line 7.
LaTeX Font Info:    Checking defaults for TS1/cmr/m/n on input line 7.
LaTeX Font Info:    ... okay on input line 7.
LaTeX Font Info:    Checking defaults for OMX/cmex/m/n on input line 7.
LaTeX Font Info:    ... okay on input line 7.
LaTeX Font Info:    Checking defaults for U/cmr/m/n on input line 7.
LaTeX Font Info:    ... okay on input line 7.

*geometry* driver: auto-detecting
*geometry* detected driver: pdftex
*geometry* verbose mode - [ preamble ] result:
* driver: pdftex
* paper: <default>
* layout: <same size as paper>
* layoutoffset:(h,v)=(0.0pt,0.0pt)
* modes: 
* h-part:(L,W,R)=(36.98866pt, 540.31767pt, 36.98866pt)
* v-part:(T,H,B)=(36.98866pt, 720.99266pt, 36.98866pt)
* \paperwidth=614.295pt
* \paperheight=794.96999pt
* \textwidth=540.31767pt
* \textheight=720.99266pt
* \oddsidemargin=-35.28133pt
* \evensidemargin=-35.28133pt
* \topmargin=-72.28133pt
* \headheight=12.0pt
* \headsep=25.0pt
* \topskip=10.0pt
* \footskip=30.0pt
* \marginparwidth=65.0pt
* \marginparsep=11.0pt
* \columnsep=10.0pt
* \skip\footins=9.0pt plus 4.0pt minus 2.0pt
* \hoffset=0.0pt
* \voffset=0.0pt
* \mag=1000
* \@twocolumnfalse
* \@twosidefalse
* \@mparswitchfalse
* \@reversemarginfalse
* (1in=72.27pt=25.4mm, 1cm=28.453pt)


Underfull \hbox (badness 10000) in paragraph at lines 8--49

 []


Underfull \hbox (badness 10000) in paragraph at lines 8--49

 []


Underfull \hbox (badness 10000) in paragraph at lines 8--49

 []


Underfull \hbox (badness 10000) in paragraph at lines 8--49

 []


Underfull \hbox (badness 10000) in paragraph at lines 8--49

 []


Underfull \hbox (badness 10000) in paragraph at lines 8--49

 []


Underfull \hbox (badness 10000) in paragraph at lines 8--49

 []


Underfull \hbox (badness 10000) in paragraph at lines 8--49

 []


Underfull \hbox (badness 10000) in paragraph at lines 8--49

 []


Underfull \hbox (badness 10000) in paragraph at lines 8--49

 []


Underfull \hbox (badness 10000) in paragraph at lines 8--49

 []


Underfull \hbox (badness 10000) in paragraph at lines 8--49

 []


Underfull \hbox (badness 10000) in paragraph at lines 8--49

 []


Underfull \hbox (badness 10000) in paragraph at lines 8--49

 []


Underfull \hbox (badness 10000) in paragraph at lines 8--49

 []


Underfull \hbox (badness 10000) in paragraph at lines 8--49

 []


Underfull \hbox (badness 10000) in paragraph at lines 8--49

 []


Underfull \hbox (badness 10000) in paragraph at lines 8--49

 []


Underfull \hbox (badness 10000) in paragraph at lines 8--49

 []


Underfull \hbox (badness 10000) in paragraph at lines 8--49

 []


Underfull \hbox (badness 10000) in paragraph at lines 8--49

 []

LaTeX Font Info:    Trying to load font information for TS1+ptm on input line 1
32.
(/usr/share/texlive/texmf-dist/tex/latex/psnfss/ts1ptm.fd
File: ts1ptm.fd 2001/06/04 font definitions for TS1/ptm.
)
Underfull \hbox (badness 10000) in paragraph at lines 51--145

 []


Underfull \hbox (badness 10000) in paragraph at lines 51--145

 []


Underfull \hbox (badness 10000) in paragraph at lines 51--145

 []


Underfull \hbox (badness 10000) in paragraph at lines 51--145

 []


Underfull \hbox (badness 10000) in paragraph at lines 51--145

 []


Underfull \hbox (badness 10000) in paragraph at lines 51--145

 []


Underfull \hbox (badness 10000) in paragraph at lines 51--145

 []


Underfull \hbox (badness 10000) in paragraph at lines 51--145

 []


Underfull \hbox (badness 10000) in paragraph at lines 51--145

 []


Underfull \hbox (badness 10000) in paragraph at lines 51--145

 []


Underfull \hbox (badness 10000) in paragraph at lines 51--145

 []


Underfull \hbox (badness 10000) in paragraph at lines 51--145

 []


Underfull \hbox (badness 10000) in paragraph at lines 51--145

 []


Underfull \hbox (badness 10000) in paragraph at lines 51--145

 []


Underfull \hbox (badness 10000) in paragraph at lines 51--145

 []


Underfull \hbox (badness 10000) in paragraph at lines 51--145

 []


Underfull \hbox (badness 10000) in paragraph at lines 51--145

 []


Underfull \hbox (badness 10000) in paragraph at lines 51--145

 []


Underfull \hbox (badness 10000) in paragraph at lines 51--145

 []


Underfull \hbox (badness 10000) in paragraph at lines 51--145

 []


Underfull \hbox (badness 10000) in paragraph at lines 51--145

 []


Underfull \hbox (badness 10000) in paragraph at lines 51--145

 []


Underfull \hbox (badness 10000) in paragraph at lines 51--145

 []


Underfull \hbox (badness 10000) in paragraph at lines 51--145

 []


Underfull \hbox (badness 10000) in paragraph at lines 51--145

 []


Underfull \hbox (badness 10000) in paragraph at lines 51--145

 []


Underfull \hbox (badness 10000) in paragraph at lines 51--145

 []


Underfull \hbox (badness 10000) in paragraph at lines 51--145

 []


Underfull \hbox (badness 10000) in paragraph at lines 51--145

 []


Underfull \hbox (badness 10000) in paragraph at lines 51--145

 []


Underfull \hbox (badness 10000) in paragraph at lines 51--145

 []


Underfull \hbox (badness 10000) in paragraph at lines 51--145

 []

[1{/var/lib/texmf/fonts/map/pdftex/updmap/pdftex.map}

] [2] [3] (./repaso.aux) ) 
Here is how much of TeX's memory you used:
 1206 strings out of 481176
 18795 string characters out of 5914226
 314818 words of memory out of 5000000
 18201 multiletter control sequences out of 15000+600000
 409104 words of font info for 35 fonts, out of 8000000 for 9000
 59 hyphenation exceptions out of 8191
 68i,10n,74p,240b,227s stack positions out of 5000i,500n,10000p,200000b,80000s
{/usr/share/texlive/texmf-dist/fonts/enc/dvips/base/8
r.enc}</usr/share/texlive/texmf-dist/fonts/type1/urw/times/utmb8a.pfb></usr/sha
re/texlive/texmf-dist/fonts/type1/urw/times/utmr8a.pfb></usr/share/texlive/texm
f-dist/fonts/type1/urw/times/utmr8a.pfb>
Output written on repaso.pdf (3 pages, 42271 bytes).
PDF statistics:
 27 PDF objects out of 1000 (max. 8388607)
 18 compressed objects within 1 object stream
 0 named destinations out of 1000 (max. 500000)
 1 words of extra memory for PDF output out of 10000 (max. 10000000)

