This is pdfTeX, Version 3.14159265-2.6-1.40.21 (TeX Live 2020/Debian) (preloaded format=pdflatex 2023.3.7)  14 APR 2023 02:36
entering extended mode
 restricted \write18 enabled.
 %&-line parsing enabled.
**soluciones_tp1.tex
(./soluciones_tp1.tex
LaTeX2e <2020-10-01> patch level 4
L3 programming layer <2021-01-09> xparse <2020-03-03>
(/usr/share/texlive/texmf-dist/tex/latex/base/article.cls
Document Class: article 2020/04/10 v1.4m Standard LaTeX document class
(/usr/share/texlive/texmf-dist/tex/latex/base/size10.clo
File: size10.clo 2020/04/10 v1.4m Standard LaTeX file (size option)
)
\c@part=\count177
\c@section=\count178
\c@subsection=\count179
\c@subsubsection=\count180
\c@paragraph=\count181
\c@subparagraph=\count182
\c@figure=\count183
\c@table=\count184
\abovecaptionskip=\skip47
\belowcaptionskip=\skip48
\bibindent=\dimen138
)
(/usr/share/texlive/texmf-dist/tex/latex/geometry/geometry.sty
Package: geometry 2020/01/02 v5.9 Page Geometry

(/usr/share/texlive/texmf-dist/tex/latex/graphics/keyval.sty
Package: keyval 2014/10/28 v1.15 key=value parser (DPC)
\KV@toks@=\toks15
)
(/usr/share/texlive/texmf-dist/tex/generic/iftex/ifvtex.sty
Package: ifvtex 2019/10/25 v1.7 ifvtex legacy package. Use iftex instead.

(/usr/share/texlive/texmf-dist/tex/generic/iftex/iftex.sty
Package: iftex 2020/03/06 v1.0d TeX engine tests
))
\Gm@cnth=\count185
\Gm@cntv=\count186
\c@Gm@tempcnt=\count187
\Gm@bindingoffset=\dimen139
\Gm@wd@mp=\dimen140
\Gm@odd@mp=\dimen141
\Gm@even@mp=\dimen142
\Gm@layoutwidth=\dimen143
\Gm@layoutheight=\dimen144
\Gm@layouthoffset=\dimen145
\Gm@layoutvoffset=\dimen146
\Gm@dimlist=\toks16
)
(/usr/share/texlive/texmf-dist/tex/latex/lipsum/lipsum.sty
(/usr/share/texlive/texmf-dist/tex/latex/l3kernel/expl3.sty
Package: expl3 2021-01-09 L3 programming layer (loader) 

(/usr/share/texlive/texmf-dist/tex/latex/l3backend/l3backend-pdftex.def
File: l3backend-pdftex.def 2020-01-29 L3 backend support: PDF output (pdfTeX)
\l__color_backend_stack_int=\count188
\l__pdf_internal_box=\box47
))
(/usr/share/texlive/texmf-dist/tex/latex/l3packages/xparse/xparse.sty
Package: xparse 2020-10-27 L3 Experimental document command parser

(/usr/share/texlive/texmf-dist/tex/latex/l3packages/xparse/xparse-generic.tex))
Package: lipsum 2019/01/02 v2.2 150 paragraphs of Lorem Ipsum dummy text
(/usr/share/texlive/texmf-dist/tex/latex/lipsum/lipsum.ltd.tex
File: lipsum.ltd.tex 2019/01/02 v2.2 The Lorem ipsum dummy text
))
(/usr/share/texlive/texmf-dist/tex/latex/amsmath/amsmath.sty
Package: amsmath 2020/09/23 v2.17i AMS math features
\@mathmargin=\skip49

For additional information on amsmath, use the `?' option.
(/usr/share/texlive/texmf-dist/tex/latex/amsmath/amstext.sty
Package: amstext 2000/06/29 v2.01 AMS text

(/usr/share/texlive/texmf-dist/tex/latex/amsmath/amsgen.sty
File: amsgen.sty 1999/11/30 v2.0 generic functions
\@emptytoks=\toks17
\ex@=\dimen147
))
(/usr/share/texlive/texmf-dist/tex/latex/amsmath/amsbsy.sty
Package: amsbsy 1999/11/29 v1.2d Bold Symbols
\pmbraise@=\dimen148
)
(/usr/share/texlive/texmf-dist/tex/latex/amsmath/amsopn.sty
Package: amsopn 2016/03/08 v2.02 operator names
)
\inf@bad=\count189
LaTeX Info: Redefining \frac on input line 234.
\uproot@=\count190
\leftroot@=\count191
LaTeX Info: Redefining \overline on input line 399.
\classnum@=\count192
\DOTSCASE@=\count193
LaTeX Info: Redefining \ldots on input line 496.
LaTeX Info: Redefining \dots on input line 499.
LaTeX Info: Redefining \cdots on input line 620.
\Mathstrutbox@=\box48
\strutbox@=\box49
\big@size=\dimen149
LaTeX Font Info:    Redeclaring font encoding OML on input line 743.
LaTeX Font Info:    Redeclaring font encoding OMS on input line 744.
\macc@depth=\count194
\c@MaxMatrixCols=\count195
\dotsspace@=\muskip16
\c@parentequation=\count196
\dspbrk@lvl=\count197
\tag@help=\toks18
\row@=\count198
\column@=\count199
\maxfields@=\count266
\andhelp@=\toks19
\eqnshift@=\dimen150
\alignsep@=\dimen151
\tagshift@=\dimen152
\tagwidth@=\dimen153
\totwidth@=\dimen154
\lineht@=\dimen155
\@envbody=\toks20
\multlinegap=\skip50
\multlinetaggap=\skip51
\mathdisplay@stack=\toks21
LaTeX Info: Redefining \[ on input line 2923.
LaTeX Info: Redefining \] on input line 2924.
)
(/usr/share/texlive/texmf-dist/tex/latex/hyperref/hyperref.sty
Package: hyperref 2020-05-15 v7.00e Hypertext links for LaTeX

(/usr/share/texlive/texmf-dist/tex/generic/ltxcmds/ltxcmds.sty
Package: ltxcmds 2020-05-10 v1.25 LaTeX kernel commands for general use (HO)
)
(/usr/share/texlive/texmf-dist/tex/generic/pdftexcmds/pdftexcmds.sty
Package: pdftexcmds 2020-06-27 v0.33 Utility functions of pdfTeX for LuaTeX (HO
)

(/usr/share/texlive/texmf-dist/tex/generic/infwarerr/infwarerr.sty
Package: infwarerr 2019/12/03 v1.5 Providing info/warning/error messages (HO)
)
Package pdftexcmds Info: \pdf@primitive is available.
Package pdftexcmds Info: \pdf@ifprimitive is available.
Package pdftexcmds Info: \pdfdraftmode found.
)
(/usr/share/texlive/texmf-dist/tex/generic/kvsetkeys/kvsetkeys.sty
Package: kvsetkeys 2019/12/15 v1.18 Key value parser (HO)
)
(/usr/share/texlive/texmf-dist/tex/generic/kvdefinekeys/kvdefinekeys.sty
Package: kvdefinekeys 2019-12-19 v1.6 Define keys (HO)
)
(/usr/share/texlive/texmf-dist/tex/generic/pdfescape/pdfescape.sty
Package: pdfescape 2019/12/09 v1.15 Implements pdfTeX's escape features (HO)
)
(/usr/share/texlive/texmf-dist/tex/latex/hycolor/hycolor.sty
Package: hycolor 2020-01-27 v1.10 Color options for hyperref/bookmark (HO)
)
(/usr/share/texlive/texmf-dist/tex/latex/letltxmacro/letltxmacro.sty
Package: letltxmacro 2019/12/03 v1.6 Let assignment for LaTeX macros (HO)
)
(/usr/share/texlive/texmf-dist/tex/latex/auxhook/auxhook.sty
Package: auxhook 2019-12-17 v1.6 Hooks for auxiliary files (HO)
)
(/usr/share/texlive/texmf-dist/tex/latex/kvoptions/kvoptions.sty
Package: kvoptions 2020-10-07 v3.14 Key value format for package options (HO)
)
\@linkdim=\dimen156
\Hy@linkcounter=\count267
\Hy@pagecounter=\count268

(/usr/share/texlive/texmf-dist/tex/latex/hyperref/pd1enc.def
File: pd1enc.def 2020-05-15 v7.00e Hyperref: PDFDocEncoding definition (HO)
Now handling font encoding PD1 ...
... no UTF-8 mapping file for font encoding PD1
)
(/usr/share/texlive/texmf-dist/tex/generic/intcalc/intcalc.sty
Package: intcalc 2019/12/15 v1.3 Expandable calculations with integers (HO)
)
(/usr/share/texlive/texmf-dist/tex/generic/etexcmds/etexcmds.sty
Package: etexcmds 2019/12/15 v1.7 Avoid name clashes with e-TeX commands (HO)
)
\Hy@SavedSpaceFactor=\count269
Package hyperref Info: Hyper figures OFF on input line 4464.
Package hyperref Info: Link nesting OFF on input line 4469.
Package hyperref Info: Hyper index ON on input line 4472.
Package hyperref Info: Plain pages OFF on input line 4479.
Package hyperref Info: Backreferencing OFF on input line 4484.
Package hyperref Info: Implicit mode ON; LaTeX internals redefined.
Package hyperref Info: Bookmarks ON on input line 4717.
\c@Hy@tempcnt=\count270

(/usr/share/texlive/texmf-dist/tex/latex/url/url.sty
\Urlmuskip=\muskip17
Package: url 2013/09/16  ver 3.4  Verb mode for urls, etc.
)
LaTeX Info: Redefining \url on input line 5076.
\XeTeXLinkMargin=\dimen157

(/usr/share/texlive/texmf-dist/tex/generic/bitset/bitset.sty
Package: bitset 2019/12/09 v1.3 Handle bit-vector datatype (HO)

(/usr/share/texlive/texmf-dist/tex/generic/bigintcalc/bigintcalc.sty
Package: bigintcalc 2019/12/15 v1.5 Expandable calculations on big integers (HO
)
))
\Fld@menulength=\count271
\Field@Width=\dimen158
\Fld@charsize=\dimen159
Package hyperref Info: Hyper figures OFF on input line 6347.
Package hyperref Info: Link nesting OFF on input line 6352.
Package hyperref Info: Hyper index ON on input line 6355.
Package hyperref Info: backreferencing OFF on input line 6362.
Package hyperref Info: Link coloring OFF on input line 6367.
Package hyperref Info: Link coloring with OCG OFF on input line 6372.
Package hyperref Info: PDF/A mode OFF on input line 6377.
LaTeX Info: Redefining \ref on input line 6417.
LaTeX Info: Redefining \pageref on input line 6421.

(/usr/share/texlive/texmf-dist/tex/latex/base/atbegshi-ltx.sty
Package: atbegshi-ltx 2020/08/17 v1.0a Emulation of the original atbegshi packa
ge
with kernel methods
)
\Hy@abspage=\count272
\c@Item=\count273
\c@Hfootnote=\count274
)
Package hyperref Info: Driver (autodetected): hpdftex.

(/usr/share/texlive/texmf-dist/tex/latex/hyperref/hpdftex.def
File: hpdftex.def 2020-05-15 v7.00e Hyperref driver for pdfTeX

(/usr/share/texlive/texmf-dist/tex/latex/base/atveryend-ltx.sty
Package: atveryend-ltx 2020/08/19 v1.0a Emulation of the original atvery packag
e
with kernel methods
)
\Fld@listcount=\count275
\c@bookmark@seq@number=\count276

(/usr/share/texlive/texmf-dist/tex/latex/rerunfilecheck/rerunfilecheck.sty
Package: rerunfilecheck 2019/12/05 v1.9 Rerun checks for auxiliary files (HO)

(/usr/share/texlive/texmf-dist/tex/generic/uniquecounter/uniquecounter.sty
Package: uniquecounter 2019/12/15 v1.4 Provide unlimited unique counter (HO)
)
Package uniquecounter Info: New unique counter `rerunfilecheck' on input line 2
86.
)
\Hy@SectionHShift=\skip52
)
No file soluciones_tp1.aux.
\openout1 = `soluciones_tp1.aux'.

LaTeX Font Info:    Checking defaults for OML/cmm/m/it on input line 18.
LaTeX Font Info:    ... okay on input line 18.
LaTeX Font Info:    Checking defaults for OMS/cmsy/m/n on input line 18.
LaTeX Font Info:    ... okay on input line 18.
LaTeX Font Info:    Checking defaults for OT1/cmr/m/n on input line 18.
LaTeX Font Info:    ... okay on input line 18.
LaTeX Font Info:    Checking defaults for T1/cmr/m/n on input line 18.
LaTeX Font Info:    ... okay on input line 18.
LaTeX Font Info:    Checking defaults for TS1/cmr/m/n on input line 18.
LaTeX Font Info:    ... okay on input line 18.
LaTeX Font Info:    Checking defaults for OMX/cmex/m/n on input line 18.
LaTeX Font Info:    ... okay on input line 18.
LaTeX Font Info:    Checking defaults for U/cmr/m/n on input line 18.
LaTeX Font Info:    ... okay on input line 18.
LaTeX Font Info:    Checking defaults for PD1/pdf/m/n on input line 18.
LaTeX Font Info:    ... okay on input line 18.
*geometry* driver: auto-detecting
*geometry* detected driver: pdftex
*geometry* verbose mode - [ preamble ] result:
* driver: pdftex
* paper: <default>
* layout: <same size as paper>
* layoutoffset:(h,v)=(0.0pt,0.0pt)
* modes: 
* h-part:(L,W,R)=(28.45274pt, 557.38951pt, 28.45274pt)
* v-part:(T,H,B)=(28.45274pt, 738.0645pt, 28.45274pt)
* \paperwidth=614.295pt
* \paperheight=794.96999pt
* \textwidth=557.38951pt
* \textheight=738.0645pt
* \oddsidemargin=-43.81725pt
* \evensidemargin=-43.81725pt
* \topmargin=-80.81725pt
* \headheight=12.0pt
* \headsep=25.0pt
* \topskip=10.0pt
* \footskip=30.0pt
* \marginparwidth=65.0pt
* \marginparsep=11.0pt
* \columnsep=10.0pt
* \skip\footins=9.0pt plus 4.0pt minus 2.0pt
* \hoffset=0.0pt
* \voffset=0.0pt
* \mag=1000
* \@twocolumnfalse
* \@twosidefalse
* \@mparswitchfalse
* \@reversemarginfalse
* (1in=72.27pt=25.4mm, 1cm=28.453pt)

Package hyperref Info: Link coloring OFF on input line 18.
(/usr/share/texlive/texmf-dist/tex/latex/hyperref/nameref.sty
Package: nameref 2019/09/16 v2.46 Cross-referencing by name of section

(/usr/share/texlive/texmf-dist/tex/latex/refcount/refcount.sty
Package: refcount 2019/12/15 v3.6 Data extraction from label references (HO)
)
(/usr/share/texlive/texmf-dist/tex/generic/gettitlestring/gettitlestring.sty
Package: gettitlestring 2019/12/15 v1.6 Cleanup title references (HO)
)
\c@section@level=\count277
)
LaTeX Info: Redefining \ref on input line 18.
LaTeX Info: Redefining \pageref on input line 18.
LaTeX Info: Redefining \nameref on input line 18.
\@outlinefile=\write3
\openout3 = `soluciones_tp1.out'.


Underfull \hbox (badness 10000) in paragraph at lines 29--31

 []


Underfull \hbox (badness 10000) in paragraph at lines 34--37

 []


Underfull \hbox (badness 10000) in paragraph at lines 38--39

 []


Underfull \hbox (badness 10000) in paragraph at lines 40--46

 []


Underfull \hbox (badness 10000) in paragraph at lines 50--51

 []


Underfull \hbox (badness 10000) in paragraph at lines 52--53

 []


Underfull \hbox (badness 10000) in paragraph at lines 55--56

 []


Underfull \hbox (badness 10000) in paragraph at lines 57--66

 []


Underfull \hbox (badness 10000) in paragraph at lines 57--66

 []


Underfull \hbox (badness 10000) in paragraph at lines 57--66

 []

[1

{/var/lib/texmf/fonts/map/pdftex/updmap/pdftex.map}]
Underfull \hbox (badness 10000) in paragraph at lines 69--70

 []


Underfull \hbox (badness 10000) in paragraph at lines 69--70

 []


Underfull \hbox (badness 10000) in paragraph at lines 71--75

 []


Underfull \hbox (badness 10000) in paragraph at lines 71--75

 []


Underfull \hbox (badness 10000) in paragraph at lines 76--77

 []


Underfull \hbox (badness 10000) in paragraph at lines 76--77

 []


Underfull \hbox (badness 10000) in paragraph at lines 80--94

 []


Underfull \hbox (badness 10000) in paragraph at lines 80--94

 []


Underfull \hbox (badness 10000) in paragraph at lines 80--94

 []


Underfull \hbox (badness 10000) in paragraph at lines 80--94

 []


Underfull \hbox (badness 10000) in paragraph at lines 80--94

 []


Underfull \hbox (badness 10000) in paragraph at lines 80--94

 []


Underfull \hbox (badness 10000) in paragraph at lines 95--96

 []


Underfull \hbox (badness 10000) in paragraph at lines 97--98

 []


Underfull \hbox (badness 10000) in paragraph at lines 107--108

 []


Underfull \hbox (badness 10000) in paragraph at lines 109--120

 []


Underfull \hbox (badness 10000) in paragraph at lines 109--120

 []


Underfull \hbox (badness 10000) in paragraph at lines 109--120

 []


Underfull \hbox (badness 10000) in paragraph at lines 109--120

 []


Underfull \hbox (badness 10000) in paragraph at lines 109--120

 []


Underfull \hbox (badness 10000) in paragraph at lines 109--120

 []

[2]
Underfull \hbox (badness 10000) in paragraph at lines 122--123

 []


Underfull \hbox (badness 10000) in paragraph at lines 126--129

 []


Underfull \hbox (badness 10000) in paragraph at lines 130--153

 []


Underfull \hbox (badness 10000) in paragraph at lines 130--153

 []


Underfull \hbox (badness 10000) in paragraph at lines 130--153

 []


Underfull \hbox (badness 10000) in paragraph at lines 130--153

 []


Underfull \hbox (badness 10000) in paragraph at lines 130--153

 []


Underfull \hbox (badness 10000) in paragraph at lines 130--153

 []


Underfull \hbox (badness 10000) in paragraph at lines 130--153

 []


Underfull \hbox (badness 10000) in paragraph at lines 130--153

 []


Underfull \hbox (badness 10000) in paragraph at lines 130--153

 []


Underfull \hbox (badness 10000) in paragraph at lines 154--159

 []


Underfull \hbox (badness 10000) in paragraph at lines 154--159

 []

[3]
Underfull \hbox (badness 10000) in paragraph at lines 160--166

 []


Underfull \hbox (badness 10000) in paragraph at lines 173--176

 []


Underfull \hbox (badness 10000) in paragraph at lines 182--190

 []


Underfull \hbox (badness 10000) in paragraph at lines 197--202

 []


Underfull \hbox (badness 10000) in paragraph at lines 203--206

 []


Underfull \hbox (badness 10000) in paragraph at lines 203--206

 []


Underfull \hbox (badness 10000) in paragraph at lines 207--208

 []


LaTeX Warning: Command \textdegree invalid in math mode on input line 209.


LaTeX Warning: Command \textdegree invalid in math mode on input line 209.

Missing character: There is no ° in font cmr10!

LaTeX Warning: Command \textdegree invalid in math mode on input line 210.


LaTeX Warning: Command \textdegree invalid in math mode on input line 210.

Missing character: There is no ° in font cmr10!

LaTeX Warning: Command \textdegree invalid in math mode on input line 211.


LaTeX Warning: Command \textdegree invalid in math mode on input line 211.

Missing character: There is no ° in font cmr10!

Underfull \hbox (badness 10000) in paragraph at lines 209--215

 []


Underfull \hbox (badness 10000) in paragraph at lines 209--215

 []

[4]

LaTeX Warning: Command \textdegree invalid in math mode on input line 218.


LaTeX Warning: Command \textdegree invalid in math mode on input line 218.

Missing character: There is no ° in font cmr10!

LaTeX Warning: Command \textdegree invalid in math mode on input line 219.


LaTeX Warning: Command \textdegree invalid in math mode on input line 219.


LaTeX Warning: Command \textdegree invalid in math mode on input line 219.


LaTeX Warning: Command \textdegree invalid in math mode on input line 219.


LaTeX Warning: Command \textdegree invalid in math mode on input line 219.


LaTeX Warning: Command \textdegree invalid in math mode on input line 219.


LaTeX Warning: Command \textdegree invalid in math mode on input line 219.


LaTeX Warning: Command \textdegree invalid in math mode on input line 219.

Missing character: There is no ° in font cmr10!
Missing character: There is no ° in font cmr10!
Missing character: There is no ° in font cmr10!
Missing character: There is no ° in font cmr10!

LaTeX Warning: Command \textdegree invalid in math mode on input line 220.


LaTeX Warning: Command \textdegree invalid in math mode on input line 220.


LaTeX Warning: Command \textdegree invalid in math mode on input line 220.


LaTeX Warning: Command \textdegree invalid in math mode on input line 220.

Missing character: There is no ° in font cmr10!
Missing character: There is no ° in font cmr10!

LaTeX Warning: Command \textdegree invalid in math mode on input line 221.


LaTeX Warning: Command \textdegree invalid in math mode on input line 221.

Missing character: There is no ° in font cmr10!

LaTeX Warning: Command \textdegree invalid in math mode on input line 222.


LaTeX Warning: Command \textdegree invalid in math mode on input line 222.

Missing character: There is no ° in font cmr10!

Underfull \hbox (badness 10000) in paragraph at lines 224--226

 []


LaTeX Warning: Command \textdegree invalid in math mode on input line 236.


LaTeX Warning: Command \textdegree invalid in math mode on input line 236.


LaTeX Warning: Command \textdegree invalid in math mode on input line 236.


LaTeX Warning: Command \textdegree invalid in math mode on input line 236.


LaTeX Warning: Command \textdegree invalid in math mode on input line 236.


LaTeX Warning: Command \textdegree invalid in math mode on input line 236.

Missing character: There is no ° in font cmr10!
Missing character: There is no ° in font cmr10!
Missing character: There is no ° in font cmr10!

LaTeX Warning: Command \textdegree invalid in math mode on input line 241.


LaTeX Warning: Command \textdegree invalid in math mode on input line 241.


LaTeX Warning: Command \textdegree invalid in math mode on input line 241.


LaTeX Warning: Command \textdegree invalid in math mode on input line 241.

Missing character: There is no ° in font cmr10!
Missing character: There is no ° in font cmr10!

Underfull \hbox (badness 10000) in paragraph at lines 242--247

 []


Underfull \hbox (badness 10000) in paragraph at lines 242--247

 []


Underfull \hbox (badness 10000) in paragraph at lines 242--247

 []


LaTeX Warning: Command \textdegree invalid in math mode on input line 249.


LaTeX Warning: Command \textdegree invalid in math mode on input line 249.

Missing character: There is no ° in font cmr10!

LaTeX Warning: Command \textdegree invalid in math mode on input line 250.


LaTeX Warning: Command \textdegree invalid in math mode on input line 250.


LaTeX Warning: Command \textdegree invalid in math mode on input line 250.


LaTeX Warning: Command \textdegree invalid in math mode on input line 250.


LaTeX Warning: Command \textdegree invalid in math mode on input line 250.


LaTeX Warning: Command \textdegree invalid in math mode on input line 250.

Missing character: There is no ° in font cmr10!
Missing character: There is no ° in font cmr10!
Missing character: There is no ° in font cmr10!

LaTeX Warning: Command \textdegree invalid in math mode on input line 251.


LaTeX Warning: Command \textdegree invalid in math mode on input line 251.


LaTeX Warning: Command \textdegree invalid in math mode on input line 251.


LaTeX Warning: Command \textdegree invalid in math mode on input line 251.

Missing character: There is no ° in font cmr10!
Missing character: There is no ° in font cmr10!

LaTeX Warning: Command \textdegree invalid in math mode on input line 252.


LaTeX Warning: Command \textdegree invalid in math mode on input line 252.

Missing character: There is no ° in font cmr10!

LaTeX Warning: Command \textdegree invalid in math mode on input line 253.


LaTeX Warning: Command \textdegree invalid in math mode on input line 253.

Missing character: There is no ° in font cmr10!

Underfull \hbox (badness 10000) in paragraph at lines 255--259

 []


Underfull \hbox (badness 10000) in paragraph at lines 255--259

 []


LaTeX Warning: Command \textdegree invalid in math mode on input line 261.


LaTeX Warning: Command \textdegree invalid in math mode on input line 261.


LaTeX Warning: Command \textdegree invalid in math mode on input line 261.


LaTeX Warning: Command \textdegree invalid in math mode on input line 261.

Missing character: There is no ° in font cmr10!
Missing character: There is no ° in font cmr10!

LaTeX Warning: Command \textdegree invalid in math mode on input line 262.


LaTeX Warning: Command \textdegree invalid in math mode on input line 262.


LaTeX Warning: Command \textdegree invalid in math mode on input line 262.


LaTeX Warning: Command \textdegree invalid in math mode on input line 262.


LaTeX Warning: Command \textdegree invalid in math mode on input line 262.


LaTeX Warning: Command \textdegree invalid in math mode on input line 262.


LaTeX Warning: Command \textdegree invalid in math mode on input line 262.


LaTeX Warning: Command \textdegree invalid in math mode on input line 262.

Missing character: There is no ° in font cmr10!
Missing character: There is no ° in font cmr10!
Missing character: There is no ° in font cmr10!
Missing character: There is no ° in font cmr10!

LaTeX Warning: Command \textdegree invalid in math mode on input line 267.


LaTeX Warning: Command \textdegree invalid in math mode on input line 267.


LaTeX Warning: Command \textdegree invalid in math mode on input line 267.


LaTeX Warning: Command \textdegree invalid in math mode on input line 267.


LaTeX Warning: Command \textdegree invalid in math mode on input line 267.


LaTeX Warning: Command \textdegree invalid in math mode on input line 267.

Missing character: There is no ° in font cmr10!
Missing character: There is no ° in font cmr10!
Missing character: There is no ° in font cmr10!

Underfull \hbox (badness 10000) in paragraph at lines 264--281

 []


Underfull \hbox (badness 10000) in paragraph at lines 264--281

 []


Underfull \hbox (badness 10000) in paragraph at lines 264--281

 []


Underfull \hbox (badness 10000) in paragraph at lines 264--281

 []


Underfull \hbox (badness 10000) in paragraph at lines 264--281

 []


Underfull \hbox (badness 10000) in paragraph at lines 264--281

 []


LaTeX Warning: Command \textdegree invalid in math mode on input line 297.


LaTeX Warning: Command \textdegree invalid in math mode on input line 297.

Missing character: There is no ° in font cmr10!

Underfull \hbox (badness 10000) in paragraph at lines 282--320

 []


Underfull \hbox (badness 10000) in paragraph at lines 282--320

 []


Underfull \hbox (badness 10000) in paragraph at lines 282--320

 []


Underfull \hbox (badness 10000) in paragraph at lines 282--320

 []


Underfull \hbox (badness 10000) in paragraph at lines 282--320

 []


Underfull \hbox (badness 10000) in paragraph at lines 282--320

 []


Underfull \hbox (badness 10000) in paragraph at lines 282--320

 []


Underfull \hbox (badness 10000) in paragraph at lines 282--320

 []


Underfull \hbox (badness 10000) in paragraph at lines 282--320

 []


Underfull \hbox (badness 10000) in paragraph at lines 282--320

 []


Underfull \hbox (badness 10000) in paragraph at lines 282--320

 []


Underfull \hbox (badness 10000) in paragraph at lines 282--320

 []


Underfull \hbox (badness 10000) in paragraph at lines 282--320

 []


Underfull \hbox (badness 10000) in paragraph at lines 282--320

 []


Underfull \hbox (badness 10000) in paragraph at lines 282--320

 []


Underfull \hbox (badness 10000) in paragraph at lines 282--320

 []


Underfull \hbox (badness 10000) in paragraph at lines 282--320

 []


Underfull \hbox (badness 10000) in paragraph at lines 282--320

 []


Underfull \hbox (badness 10000) in paragraph at lines 282--320

 []

[5]
Underfull \hbox (badness 10000) in paragraph at lines 322--352

 []


Underfull \hbox (badness 10000) in paragraph at lines 322--352

 []


Underfull \hbox (badness 10000) in paragraph at lines 322--352

 []


Underfull \hbox (badness 10000) in paragraph at lines 322--352

 []


Underfull \hbox (badness 10000) in paragraph at lines 322--352

 []


Underfull \hbox (badness 10000) in paragraph at lines 322--352

 []


Underfull \hbox (badness 10000) in paragraph at lines 322--352

 []


Underfull \hbox (badness 10000) in paragraph at lines 322--352

 []


Underfull \hbox (badness 10000) in paragraph at lines 322--352

 []


Underfull \hbox (badness 10000) in paragraph at lines 322--352

 []


Underfull \hbox (badness 10000) in paragraph at lines 322--352

 []


Underfull \hbox (badness 10000) in paragraph at lines 322--352

 []

[6]
Underfull \hbox (badness 10000) in paragraph at lines 353--357

 []


Underfull \hbox (badness 10000) in paragraph at lines 353--357

 []


Underfull \hbox (badness 10000) in paragraph at lines 353--357

 []


Underfull \hbox (badness 10000) in paragraph at lines 360--377

 []


Underfull \hbox (badness 10000) in paragraph at lines 360--377

 []


Underfull \hbox (badness 10000) in paragraph at lines 360--377

 []


Underfull \hbox (badness 10000) in paragraph at lines 360--377

 []


Underfull \hbox (badness 10000) in paragraph at lines 360--377

 []


Underfull \hbox (badness 10000) in paragraph at lines 360--377

 []


Underfull \hbox (badness 10000) in paragraph at lines 360--377

 []


Underfull \hbox (badness 10000) in paragraph at lines 360--377

 []


Underfull \hbox (badness 10000) in paragraph at lines 378--394

 []


Underfull \hbox (badness 10000) in paragraph at lines 378--394

 []


Underfull \hbox (badness 10000) in paragraph at lines 378--394

 []

[7]

LaTeX Warning: Command \textdegree invalid in math mode on input line 403.


LaTeX Warning: Command \textdegree invalid in math mode on input line 403.

Missing character: There is no ° in font cmr10!

LaTeX Warning: Command \textdegree invalid in math mode on input line 407.


LaTeX Warning: Command \textdegree invalid in math mode on input line 407.


LaTeX Warning: Command \textdegree invalid in math mode on input line 407.


LaTeX Warning: Command \textdegree invalid in math mode on input line 407.

Missing character: There is no ° in font cmr10!
Missing character: There is no ° in font cmr10!

Underfull \hbox (badness 10000) in paragraph at lines 395--421

 []


Underfull \hbox (badness 10000) in paragraph at lines 395--421

 []


Underfull \hbox (badness 10000) in paragraph at lines 395--421

 []


Underfull \hbox (badness 10000) in paragraph at lines 395--421

 []


Underfull \hbox (badness 10000) in paragraph at lines 395--421

 []


Underfull \hbox (badness 10000) in paragraph at lines 395--421

 []


Underfull \hbox (badness 10000) in paragraph at lines 395--421

 []


Underfull \hbox (badness 10000) in paragraph at lines 395--421

 []


Underfull \hbox (badness 10000) in paragraph at lines 395--421

 []


Underfull \hbox (badness 10000) in paragraph at lines 395--421

 []


Underfull \hbox (badness 10000) in paragraph at lines 395--421

 []


Underfull \hbox (badness 10000) in paragraph at lines 395--421

 []


Underfull \hbox (badness 10000) in paragraph at lines 424--447

 []


Underfull \hbox (badness 10000) in paragraph at lines 424--447

 []


Underfull \hbox (badness 10000) in paragraph at lines 424--447

 []


Underfull \hbox (badness 10000) in paragraph at lines 424--447

 []


Underfull \hbox (badness 10000) in paragraph at lines 424--447

 []


Underfull \hbox (badness 10000) in paragraph at lines 424--447

 []


Underfull \hbox (badness 10000) in paragraph at lines 424--447

 []


Underfull \hbox (badness 10000) in paragraph at lines 424--447

 []


Underfull \hbox (badness 10000) in paragraph at lines 424--447

 []


Underfull \hbox (badness 10000) in paragraph at lines 424--447

 []


Underfull \hbox (badness 10000) in paragraph at lines 424--447

 []

[8]
Underfull \hbox (badness 10000) in paragraph at lines 449--464

 []


Underfull \hbox (badness 10000) in paragraph at lines 449--464

 []


Underfull \hbox (badness 10000) in paragraph at lines 449--464

 []


Underfull \hbox (badness 10000) in paragraph at lines 449--464

 []


Underfull \hbox (badness 10000) in paragraph at lines 465--474

 []


Underfull \hbox (badness 10000) in paragraph at lines 465--474

 []


Underfull \hbox (badness 10000) in paragraph at lines 465--474

 []


Underfull \hbox (badness 10000) in paragraph at lines 465--474

 []

[9]

LaTeX Warning: Command \textdegree invalid in math mode on input line 494.


LaTeX Warning: Command \textdegree invalid in math mode on input line 494.

Missing character: There is no ° in font cmr10!

LaTeX Warning: Command \textdegree invalid in math mode on input line 510.


LaTeX Warning: Command \textdegree invalid in math mode on input line 510.

Missing character: There is no ° in font cmr10!

Underfull \hbox (badness 10000) in paragraph at lines 493--513

 []


Underfull \hbox (badness 10000) in paragraph at lines 493--513

 []


Underfull \hbox (badness 10000) in paragraph at lines 493--513

 []


Underfull \hbox (badness 10000) in paragraph at lines 493--513

 []


Underfull \hbox (badness 10000) in paragraph at lines 493--513

 []


Underfull \hbox (badness 10000) in paragraph at lines 493--513

 []


Underfull \hbox (badness 10000) in paragraph at lines 493--513

 []


Underfull \hbox (badness 10000) in paragraph at lines 493--513

 []


LaTeX Warning: Command \textdegree invalid in math mode on input line 514.


LaTeX Warning: Command \textdegree invalid in math mode on input line 514.

Missing character: There is no ° in font cmr10!

Underfull \hbox (badness 10000) in paragraph at lines 514--557

 []


Underfull \hbox (badness 10000) in paragraph at lines 514--557

 []


Underfull \hbox (badness 10000) in paragraph at lines 514--557

 []


Underfull \hbox (badness 10000) in paragraph at lines 514--557

 []


Underfull \hbox (badness 10000) in paragraph at lines 514--557

 []


Underfull \hbox (badness 10000) in paragraph at lines 514--557

 []


Underfull \hbox (badness 10000) in paragraph at lines 514--557

 []


Underfull \hbox (badness 10000) in paragraph at lines 514--557

 []


Underfull \hbox (badness 10000) in paragraph at lines 514--557

 []


Underfull \hbox (badness 10000) in paragraph at lines 514--557

 []


Underfull \hbox (badness 10000) in paragraph at lines 514--557

 []


Underfull \hbox (badness 10000) in paragraph at lines 514--557

 []


Underfull \hbox (badness 10000) in paragraph at lines 514--557

 []

[10]
Underfull \hbox (badness 10000) in paragraph at lines 560--582

 []


Underfull \hbox (badness 10000) in paragraph at lines 560--582

 []


Underfull \hbox (badness 10000) in paragraph at lines 560--582

 []


Underfull \hbox (badness 10000) in paragraph at lines 560--582

 []


Underfull \hbox (badness 10000) in paragraph at lines 560--582

 []


Underfull \hbox (badness 10000) in paragraph at lines 560--582

 []


Underfull \hbox (badness 10000) in paragraph at lines 560--582

 []


Underfull \hbox (badness 10000) in paragraph at lines 560--582

 []


Underfull \hbox (badness 10000) in paragraph at lines 560--582

 []


Underfull \hbox (badness 10000) in paragraph at lines 560--582

 []


Underfull \hbox (badness 10000) in paragraph at lines 560--582

 []


Underfull \hbox (badness 10000) in paragraph at lines 560--582

 []


Underfull \hbox (badness 10000) in paragraph at lines 560--582

 []


Underfull \hbox (badness 10000) in paragraph at lines 560--582

 []

[11]
Underfull \hbox (badness 10000) in paragraph at lines 586--619

 []


Underfull \hbox (badness 10000) in paragraph at lines 586--619

 []


Underfull \hbox (badness 10000) in paragraph at lines 586--619

 []


Underfull \hbox (badness 10000) in paragraph at lines 586--619

 []


Underfull \hbox (badness 10000) in paragraph at lines 586--619

 []


Underfull \hbox (badness 10000) in paragraph at lines 586--619

 []


Underfull \hbox (badness 10000) in paragraph at lines 586--619

 []

[12]
Underfull \hbox (badness 10000) in paragraph at lines 621--649

 []


Underfull \hbox (badness 10000) in paragraph at lines 621--649

 []


Underfull \hbox (badness 10000) in paragraph at lines 621--649

 []


Underfull \hbox (badness 10000) in paragraph at lines 621--649

 []


Underfull \hbox (badness 10000) in paragraph at lines 621--649

 []


Underfull \hbox (badness 10000) in paragraph at lines 621--649

 []


Underfull \hbox (badness 10000) in paragraph at lines 621--649

 []


Underfull \hbox (badness 10000) in paragraph at lines 621--649

 []


Underfull \hbox (badness 10000) in paragraph at lines 621--649

 []


Underfull \hbox (badness 10000) in paragraph at lines 621--649

 []


Underfull \hbox (badness 10000) in paragraph at lines 621--649

 []


Underfull \hbox (badness 10000) in paragraph at lines 621--649

 []


Underfull \hbox (badness 10000) in paragraph at lines 621--649

 []


Underfull \hbox (badness 10000) in paragraph at lines 651--672

 []


Underfull \hbox (badness 10000) in paragraph at lines 651--672

 []


Underfull \hbox (badness 10000) in paragraph at lines 651--672

 []

[13]
Underfull \hbox (badness 10000) in paragraph at lines 689--708

 []


Underfull \hbox (badness 10000) in paragraph at lines 689--708

 []


Underfull \hbox (badness 10000) in paragraph at lines 689--708

 []

[14] (./soluciones_tp1.aux)

Package rerunfilecheck Warning: File `soluciones_tp1.out' has changed.
(rerunfilecheck)                Rerun to get outlines right
(rerunfilecheck)                or use package `bookmark'.

Package rerunfilecheck Info: Checksums for `soluciones_tp1.out':
(rerunfilecheck)             Before: <no file>
(rerunfilecheck)             After:  D41D8CD98F00B204E9800998ECF8427E;0.
 ) 
Here is how much of TeX's memory you used:
 5705 strings out of 481252
 89749 string characters out of 5915889
 504105 words of memory out of 5000000
 22553 multiletter control sequences out of 15000+600000
 409795 words of font info for 49 fonts, out of 8000000 for 9000
 14 hyphenation exceptions out of 8191
 71i,6n,75p,1060b,322s stack positions out of 5000i,500n,10000p,200000b,80000s
 </home/esotericwarfare/.texlive2020/texmf-var/fonts/pk/ljfour/jknappen/ec/tc
bx1000.600pk> </home/esotericwarfare/.texlive2020/texmf-var/fonts/pk/ljfour/jkn
appen/ec/tcrm1000.600pk></usr/share/texlive/texmf-dist/fonts/type1/public/amsfo
nts/cm/cmbx10.pfb></usr/share/texlive/texmf-dist/fonts/type1/public/amsfonts/cm
/cmbx12.pfb></usr/share/texlive/texmf-dist/fonts/type1/public/amsfonts/cm/cmmi1
0.pfb></usr/share/texlive/texmf-dist/fonts/type1/public/amsfonts/cm/cmmi7.pfb><
/usr/share/texlive/texmf-dist/fonts/type1/public/amsfonts/cm/cmr10.pfb></usr/sh
are/texlive/texmf-dist/fonts/type1/public/amsfonts/cm/cmr12.pfb></usr/share/tex
live/texmf-dist/fonts/type1/public/amsfonts/cm/cmr17.pfb></usr/share/texlive/te
xmf-dist/fonts/type1/public/amsfonts/cm/cmr7.pfb></usr/share/texlive/texmf-dist
/fonts/type1/public/amsfonts/cm/cmsy10.pfb>
Output written on soluciones_tp1.pdf (14 pages, 155193 bytes).
PDF statistics:
 124 PDF objects out of 1000 (max. 8388607)
 96 compressed objects within 1 object stream
 20 named destinations out of 1000 (max. 500000)
 1 words of extra memory for PDF output out of 10000 (max. 10000000)

