This is pdfTeX, Version 3.14159265-2.6-1.40.21 (TeX Live 2020/Debian) (preloaded format=pdflatex 2023.3.7)  30 MAR 2023 07:54
entering extended mode
 restricted \write18 enabled.
 %&-line parsing enabled.
**soluciones.tex
(./soluciones.tex
LaTeX2e <2020-10-01> patch level 4
L3 programming layer <2021-01-09> xparse <2020-03-03>
(/usr/share/texlive/texmf-dist/tex/latex/base/article.cls
Document Class: article 2020/04/10 v1.4m Standard LaTeX document class
(/usr/share/texlive/texmf-dist/tex/latex/base/size10.clo
File: size10.clo 2020/04/10 v1.4m Standard LaTeX file (size option)
)
\c@part=\count177
\c@section=\count178
\c@subsection=\count179
\c@subsubsection=\count180
\c@paragraph=\count181
\c@subparagraph=\count182
\c@figure=\count183
\c@table=\count184
\abovecaptionskip=\skip47
\belowcaptionskip=\skip48
\bibindent=\dimen138
)
(/usr/share/texlive/texmf-dist/tex/latex/geometry/geometry.sty
Package: geometry 2020/01/02 v5.9 Page Geometry

(/usr/share/texlive/texmf-dist/tex/latex/graphics/keyval.sty
Package: keyval 2014/10/28 v1.15 key=value parser (DPC)
\KV@toks@=\toks15
)
(/usr/share/texlive/texmf-dist/tex/generic/iftex/ifvtex.sty
Package: ifvtex 2019/10/25 v1.7 ifvtex legacy package. Use iftex instead.

(/usr/share/texlive/texmf-dist/tex/generic/iftex/iftex.sty
Package: iftex 2020/03/06 v1.0d TeX engine tests
))
\Gm@cnth=\count185
\Gm@cntv=\count186
\c@Gm@tempcnt=\count187
\Gm@bindingoffset=\dimen139
\Gm@wd@mp=\dimen140
\Gm@odd@mp=\dimen141
\Gm@even@mp=\dimen142
\Gm@layoutwidth=\dimen143
\Gm@layoutheight=\dimen144
\Gm@layouthoffset=\dimen145
\Gm@layoutvoffset=\dimen146
\Gm@dimlist=\toks16
)
(/usr/share/texlive/texmf-dist/tex/latex/lipsum/lipsum.sty
(/usr/share/texlive/texmf-dist/tex/latex/l3kernel/expl3.sty
Package: expl3 2021-01-09 L3 programming layer (loader) 

(/usr/share/texlive/texmf-dist/tex/latex/l3backend/l3backend-pdftex.def
File: l3backend-pdftex.def 2020-01-29 L3 backend support: PDF output (pdfTeX)
\l__color_backend_stack_int=\count188
\l__pdf_internal_box=\box47
))
(/usr/share/texlive/texmf-dist/tex/latex/l3packages/xparse/xparse.sty
Package: xparse 2020-10-27 L3 Experimental document command parser

(/usr/share/texlive/texmf-dist/tex/latex/l3packages/xparse/xparse-generic.tex))
Package: lipsum 2019/01/02 v2.2 150 paragraphs of Lorem Ipsum dummy text
(/usr/share/texlive/texmf-dist/tex/latex/lipsum/lipsum.ltd.tex
File: lipsum.ltd.tex 2019/01/02 v2.2 The Lorem ipsum dummy text
))
(/usr/share/texlive/texmf-dist/tex/latex/amsmath/amsmath.sty
Package: amsmath 2020/09/23 v2.17i AMS math features
\@mathmargin=\skip49

For additional information on amsmath, use the `?' option.
(/usr/share/texlive/texmf-dist/tex/latex/amsmath/amstext.sty
Package: amstext 2000/06/29 v2.01 AMS text

(/usr/share/texlive/texmf-dist/tex/latex/amsmath/amsgen.sty
File: amsgen.sty 1999/11/30 v2.0 generic functions
\@emptytoks=\toks17
\ex@=\dimen147
))
(/usr/share/texlive/texmf-dist/tex/latex/amsmath/amsbsy.sty
Package: amsbsy 1999/11/29 v1.2d Bold Symbols
\pmbraise@=\dimen148
)
(/usr/share/texlive/texmf-dist/tex/latex/amsmath/amsopn.sty
Package: amsopn 2016/03/08 v2.02 operator names
)
\inf@bad=\count189
LaTeX Info: Redefining \frac on input line 234.
\uproot@=\count190
\leftroot@=\count191
LaTeX Info: Redefining \overline on input line 399.
\classnum@=\count192
\DOTSCASE@=\count193
LaTeX Info: Redefining \ldots on input line 496.
LaTeX Info: Redefining \dots on input line 499.
LaTeX Info: Redefining \cdots on input line 620.
\Mathstrutbox@=\box48
\strutbox@=\box49
\big@size=\dimen149
LaTeX Font Info:    Redeclaring font encoding OML on input line 743.
LaTeX Font Info:    Redeclaring font encoding OMS on input line 744.
\macc@depth=\count194
\c@MaxMatrixCols=\count195
\dotsspace@=\muskip16
\c@parentequation=\count196
\dspbrk@lvl=\count197
\tag@help=\toks18
\row@=\count198
\column@=\count199
\maxfields@=\count266
\andhelp@=\toks19
\eqnshift@=\dimen150
\alignsep@=\dimen151
\tagshift@=\dimen152
\tagwidth@=\dimen153
\totwidth@=\dimen154
\lineht@=\dimen155
\@envbody=\toks20
\multlinegap=\skip50
\multlinetaggap=\skip51
\mathdisplay@stack=\toks21
LaTeX Info: Redefining \[ on input line 2923.
LaTeX Info: Redefining \] on input line 2924.
) (./soluciones.aux)
\openout1 = `soluciones.aux'.

LaTeX Font Info:    Checking defaults for OML/cmm/m/it on input line 19.
LaTeX Font Info:    ... okay on input line 19.
LaTeX Font Info:    Checking defaults for OMS/cmsy/m/n on input line 19.
LaTeX Font Info:    ... okay on input line 19.
LaTeX Font Info:    Checking defaults for OT1/cmr/m/n on input line 19.
LaTeX Font Info:    ... okay on input line 19.
LaTeX Font Info:    Checking defaults for T1/cmr/m/n on input line 19.
LaTeX Font Info:    ... okay on input line 19.
LaTeX Font Info:    Checking defaults for TS1/cmr/m/n on input line 19.
LaTeX Font Info:    ... okay on input line 19.
LaTeX Font Info:    Checking defaults for OMX/cmex/m/n on input line 19.
LaTeX Font Info:    ... okay on input line 19.
LaTeX Font Info:    Checking defaults for U/cmr/m/n on input line 19.
LaTeX Font Info:    ... okay on input line 19.

*geometry* driver: auto-detecting
*geometry* detected driver: pdftex
*geometry* verbose mode - [ preamble ] result:
* driver: pdftex
* paper: <default>
* layout: <same size as paper>
* layoutoffset:(h,v)=(0.0pt,0.0pt)
* modes: 
* h-part:(L,W,R)=(28.45274pt, 557.38951pt, 28.45274pt)
* v-part:(T,H,B)=(28.45274pt, 738.0645pt, 28.45274pt)
* \paperwidth=614.295pt
* \paperheight=794.96999pt
* \textwidth=557.38951pt
* \textheight=738.0645pt
* \oddsidemargin=-43.81725pt
* \evensidemargin=-43.81725pt
* \topmargin=-80.81725pt
* \headheight=12.0pt
* \headsep=25.0pt
* \topskip=10.0pt
* \footskip=30.0pt
* \marginparwidth=65.0pt
* \marginparsep=11.0pt
* \columnsep=10.0pt
* \skip\footins=9.0pt plus 4.0pt minus 2.0pt
* \hoffset=0.0pt
* \voffset=0.0pt
* \mag=1000
* \@twocolumnfalse
* \@twosidefalse
* \@mparswitchfalse
* \@reversemarginfalse
* (1in=72.27pt=25.4mm, 1cm=28.453pt)


Underfull \hbox (badness 10000) in paragraph at lines 30--32

 []


Underfull \hbox (badness 10000) in paragraph at lines 36--39

 []


Underfull \hbox (badness 10000) in paragraph at lines 40--41

 []


Underfull \hbox (badness 10000) in paragraph at lines 42--48

 []


Underfull \hbox (badness 10000) in paragraph at lines 51--52

 []


Underfull \hbox (badness 10000) in paragraph at lines 53--54

 []


Underfull \hbox (badness 10000) in paragraph at lines 56--57

 []


Underfull \hbox (badness 10000) in paragraph at lines 58--67

 []


Underfull \hbox (badness 10000) in paragraph at lines 58--67

 []


Underfull \hbox (badness 10000) in paragraph at lines 58--67

 []

[1

{/var/lib/texmf/fonts/map/pdftex/updmap/pdftex.map}]
Underfull \hbox (badness 10000) in paragraph at lines 70--71

 []


Underfull \hbox (badness 10000) in paragraph at lines 70--71

 []


Underfull \hbox (badness 10000) in paragraph at lines 72--76

 []


Underfull \hbox (badness 10000) in paragraph at lines 72--76

 []


Underfull \hbox (badness 10000) in paragraph at lines 77--78

 []


Underfull \hbox (badness 10000) in paragraph at lines 77--78

 []


Underfull \hbox (badness 10000) in paragraph at lines 83--97

 []


Underfull \hbox (badness 10000) in paragraph at lines 83--97

 []


Underfull \hbox (badness 10000) in paragraph at lines 83--97

 []


Underfull \hbox (badness 10000) in paragraph at lines 83--97

 []


Underfull \hbox (badness 10000) in paragraph at lines 83--97

 []


Underfull \hbox (badness 10000) in paragraph at lines 83--97

 []


Underfull \hbox (badness 10000) in paragraph at lines 98--99

 []


Underfull \hbox (badness 10000) in paragraph at lines 100--101

 []


Underfull \hbox (badness 10000) in paragraph at lines 110--111

 []

[2]
Underfull \hbox (badness 10000) in paragraph at lines 112--123

 []


Underfull \hbox (badness 10000) in paragraph at lines 112--123

 []


Underfull \hbox (badness 10000) in paragraph at lines 112--123

 []


Underfull \hbox (badness 10000) in paragraph at lines 112--123

 []


Underfull \hbox (badness 10000) in paragraph at lines 112--123

 []


Underfull \hbox (badness 10000) in paragraph at lines 112--123

 []


Underfull \hbox (badness 10000) in paragraph at lines 125--126

 []


Underfull \hbox (badness 10000) in paragraph at lines 127--130

 []


Underfull \hbox (badness 10000) in paragraph at lines 155--160

 []


Underfull \hbox (badness 10000) in paragraph at lines 155--160

 []


Underfull \hbox (badness 10000) in paragraph at lines 161--167

 []

[3]
Underfull \hbox (badness 10000) in paragraph at lines 174--177

 []


Underfull \hbox (badness 10000) in paragraph at lines 183--191

 []


Underfull \hbox (badness 10000) in paragraph at lines 198--203

 []


Underfull \hbox (badness 10000) in paragraph at lines 204--207

 []


Underfull \hbox (badness 10000) in paragraph at lines 204--207

 []


Underfull \hbox (badness 10000) in paragraph at lines 208--209

 []


LaTeX Warning: Command \textdegree invalid in math mode on input line 210.


LaTeX Warning: Command \textdegree invalid in math mode on input line 210.

Missing character: There is no ° in font cmr10!

LaTeX Warning: Command \textdegree invalid in math mode on input line 211.


LaTeX Warning: Command \textdegree invalid in math mode on input line 211.

Missing character: There is no ° in font cmr10!

LaTeX Warning: Command \textdegree invalid in math mode on input line 212.


LaTeX Warning: Command \textdegree invalid in math mode on input line 212.

Missing character: There is no ° in font cmr10!

Underfull \hbox (badness 10000) in paragraph at lines 210--216

 []


Underfull \hbox (badness 10000) in paragraph at lines 210--216

 []


LaTeX Warning: Command \textdegree invalid in math mode on input line 218.


LaTeX Warning: Command \textdegree invalid in math mode on input line 218.


LaTeX Warning: Command \textdegree invalid in math mode on input line 219.


LaTeX Warning: Command \textdegree invalid in math mode on input line 219.


LaTeX Warning: Command \textdegree invalid in math mode on input line 219.


LaTeX Warning: Command \textdegree invalid in math mode on input line 219.


LaTeX Warning: Command \textdegree invalid in math mode on input line 219.


LaTeX Warning: Command \textdegree invalid in math mode on input line 219.


LaTeX Warning: Command \textdegree invalid in math mode on input line 219.


LaTeX Warning: Command \textdegree invalid in math mode on input line 219.


LaTeX Warning: Command \textdegree invalid in math mode on input line 220.


LaTeX Warning: Command \textdegree invalid in math mode on input line 220.


LaTeX Warning: Command \textdegree invalid in math mode on input line 220.


LaTeX Warning: Command \textdegree invalid in math mode on input line 220.


LaTeX Warning: Command \textdegree invalid in math mode on input line 221.


LaTeX Warning: Command \textdegree invalid in math mode on input line 221.


LaTeX Warning: Command \textdegree invalid in math mode on input line 222.


LaTeX Warning: Command \textdegree invalid in math mode on input line 222.

Missing character: There is no ° in font cmr10!
Missing character: There is no ° in font cmr10!
Missing character: There is no ° in font cmr10!
Missing character: There is no ° in font cmr10!
Missing character: There is no ° in font cmr10!
Missing character: There is no ° in font cmr10!
Missing character: There is no ° in font cmr10!
Missing character: There is no ° in font cmr10!
Missing character: There is no ° in font cmr10!

Underfull \hbox (badness 10000) in paragraph at lines 223--225

 []

[4]

LaTeX Warning: Command \textdegree invalid in math mode on input line 235.


LaTeX Warning: Command \textdegree invalid in math mode on input line 235.


LaTeX Warning: Command \textdegree invalid in math mode on input line 235.


LaTeX Warning: Command \textdegree invalid in math mode on input line 235.


LaTeX Warning: Command \textdegree invalid in math mode on input line 235.


LaTeX Warning: Command \textdegree invalid in math mode on input line 235.

Missing character: There is no ° in font cmr10!
Missing character: There is no ° in font cmr10!
Missing character: There is no ° in font cmr10!

LaTeX Warning: Command \textdegree invalid in math mode on input line 240.


LaTeX Warning: Command \textdegree invalid in math mode on input line 240.


LaTeX Warning: Command \textdegree invalid in math mode on input line 240.


LaTeX Warning: Command \textdegree invalid in math mode on input line 240.

Missing character: There is no ° in font cmr10!
Missing character: There is no ° in font cmr10!

Underfull \hbox (badness 10000) in paragraph at lines 241--246

 []


Underfull \hbox (badness 10000) in paragraph at lines 241--246

 []


Underfull \hbox (badness 10000) in paragraph at lines 241--246

 []


LaTeX Warning: Command \textdegree invalid in math mode on input line 248.


LaTeX Warning: Command \textdegree invalid in math mode on input line 248.

Missing character: There is no ° in font cmr10!

LaTeX Warning: Command \textdegree invalid in math mode on input line 249.


LaTeX Warning: Command \textdegree invalid in math mode on input line 249.


LaTeX Warning: Command \textdegree invalid in math mode on input line 249.


LaTeX Warning: Command \textdegree invalid in math mode on input line 249.


LaTeX Warning: Command \textdegree invalid in math mode on input line 249.


LaTeX Warning: Command \textdegree invalid in math mode on input line 249.

Missing character: There is no ° in font cmr10!
Missing character: There is no ° in font cmr10!
Missing character: There is no ° in font cmr10!

LaTeX Warning: Command \textdegree invalid in math mode on input line 250.


LaTeX Warning: Command \textdegree invalid in math mode on input line 250.


LaTeX Warning: Command \textdegree invalid in math mode on input line 250.


LaTeX Warning: Command \textdegree invalid in math mode on input line 250.

Missing character: There is no ° in font cmr10!
Missing character: There is no ° in font cmr10!

LaTeX Warning: Command \textdegree invalid in math mode on input line 251.


LaTeX Warning: Command \textdegree invalid in math mode on input line 251.

Missing character: There is no ° in font cmr10!

LaTeX Warning: Command \textdegree invalid in math mode on input line 252.


LaTeX Warning: Command \textdegree invalid in math mode on input line 252.

Missing character: There is no ° in font cmr10!

Underfull \hbox (badness 10000) in paragraph at lines 254--258

 []


Underfull \hbox (badness 10000) in paragraph at lines 254--258

 []


LaTeX Warning: Command \textdegree invalid in math mode on input line 260.


LaTeX Warning: Command \textdegree invalid in math mode on input line 260.


LaTeX Warning: Command \textdegree invalid in math mode on input line 260.


LaTeX Warning: Command \textdegree invalid in math mode on input line 260.

Missing character: There is no ° in font cmr10!
Missing character: There is no ° in font cmr10!

LaTeX Warning: Command \textdegree invalid in math mode on input line 261.


LaTeX Warning: Command \textdegree invalid in math mode on input line 261.


LaTeX Warning: Command \textdegree invalid in math mode on input line 261.


LaTeX Warning: Command \textdegree invalid in math mode on input line 261.


LaTeX Warning: Command \textdegree invalid in math mode on input line 261.


LaTeX Warning: Command \textdegree invalid in math mode on input line 261.


LaTeX Warning: Command \textdegree invalid in math mode on input line 261.


LaTeX Warning: Command \textdegree invalid in math mode on input line 261.

Missing character: There is no ° in font cmr10!
Missing character: There is no ° in font cmr10!
Missing character: There is no ° in font cmr10!
Missing character: There is no ° in font cmr10!

LaTeX Warning: Command \textdegree invalid in math mode on input line 266.


LaTeX Warning: Command \textdegree invalid in math mode on input line 266.


LaTeX Warning: Command \textdegree invalid in math mode on input line 266.


LaTeX Warning: Command \textdegree invalid in math mode on input line 266.


LaTeX Warning: Command \textdegree invalid in math mode on input line 266.


LaTeX Warning: Command \textdegree invalid in math mode on input line 266.

Missing character: There is no ° in font cmr10!
Missing character: There is no ° in font cmr10!
Missing character: There is no ° in font cmr10!

Underfull \hbox (badness 10000) in paragraph at lines 263--280

 []


Underfull \hbox (badness 10000) in paragraph at lines 263--280

 []


Underfull \hbox (badness 10000) in paragraph at lines 263--280

 []


Underfull \hbox (badness 10000) in paragraph at lines 263--280

 []


Underfull \hbox (badness 10000) in paragraph at lines 263--280

 []


Underfull \hbox (badness 10000) in paragraph at lines 263--280

 []


LaTeX Warning: Command \textdegree invalid in math mode on input line 296.


LaTeX Warning: Command \textdegree invalid in math mode on input line 296.

Missing character: There is no ° in font cmr10!

Underfull \hbox (badness 10000) in paragraph at lines 281--319

 []


Underfull \hbox (badness 10000) in paragraph at lines 281--319

 []


Underfull \hbox (badness 10000) in paragraph at lines 281--319

 []


Underfull \hbox (badness 10000) in paragraph at lines 281--319

 []


Underfull \hbox (badness 10000) in paragraph at lines 281--319

 []


Underfull \hbox (badness 10000) in paragraph at lines 281--319

 []


Underfull \hbox (badness 10000) in paragraph at lines 281--319

 []


Underfull \hbox (badness 10000) in paragraph at lines 281--319

 []


Underfull \hbox (badness 10000) in paragraph at lines 281--319

 []


Underfull \hbox (badness 10000) in paragraph at lines 281--319

 []


Underfull \hbox (badness 10000) in paragraph at lines 281--319

 []


Underfull \hbox (badness 10000) in paragraph at lines 281--319

 []


Underfull \hbox (badness 10000) in paragraph at lines 281--319

 []


Underfull \hbox (badness 10000) in paragraph at lines 281--319

 []


Underfull \hbox (badness 10000) in paragraph at lines 281--319

 []


Underfull \hbox (badness 10000) in paragraph at lines 281--319

 []


Underfull \hbox (badness 10000) in paragraph at lines 281--319

 []


Underfull \hbox (badness 10000) in paragraph at lines 281--319

 []


Underfull \hbox (badness 10000) in paragraph at lines 281--319

 []

[5]
Underfull \hbox (badness 10000) in paragraph at lines 321--351

 []


Underfull \hbox (badness 10000) in paragraph at lines 321--351

 []


Underfull \hbox (badness 10000) in paragraph at lines 321--351

 []


Underfull \hbox (badness 10000) in paragraph at lines 321--351

 []


Underfull \hbox (badness 10000) in paragraph at lines 321--351

 []


Underfull \hbox (badness 10000) in paragraph at lines 321--351

 []


Underfull \hbox (badness 10000) in paragraph at lines 321--351

 []


Underfull \hbox (badness 10000) in paragraph at lines 321--351

 []


Underfull \hbox (badness 10000) in paragraph at lines 321--351

 []


Underfull \hbox (badness 10000) in paragraph at lines 321--351

 []


Underfull \hbox (badness 10000) in paragraph at lines 321--351

 []


Underfull \hbox (badness 10000) in paragraph at lines 321--351

 []

[6]
Underfull \hbox (badness 10000) in paragraph at lines 352--356

 []


Underfull \hbox (badness 10000) in paragraph at lines 352--356

 []


Underfull \hbox (badness 10000) in paragraph at lines 352--356

 []


Underfull \hbox (badness 10000) in paragraph at lines 359--376

 []


Underfull \hbox (badness 10000) in paragraph at lines 359--376

 []


Underfull \hbox (badness 10000) in paragraph at lines 359--376

 []


Underfull \hbox (badness 10000) in paragraph at lines 359--376

 []


Underfull \hbox (badness 10000) in paragraph at lines 359--376

 []


Underfull \hbox (badness 10000) in paragraph at lines 359--376

 []


Underfull \hbox (badness 10000) in paragraph at lines 359--376

 []


Underfull \hbox (badness 10000) in paragraph at lines 359--376

 []


Underfull \hbox (badness 10000) in paragraph at lines 377--393

 []


Underfull \hbox (badness 10000) in paragraph at lines 377--393

 []


Underfull \hbox (badness 10000) in paragraph at lines 377--393

 []

[7]

LaTeX Warning: Command \textdegree invalid in math mode on input line 402.


LaTeX Warning: Command \textdegree invalid in math mode on input line 402.

Missing character: There is no ° in font cmr10!

LaTeX Warning: Command \textdegree invalid in math mode on input line 406.


LaTeX Warning: Command \textdegree invalid in math mode on input line 406.


LaTeX Warning: Command \textdegree invalid in math mode on input line 406.


LaTeX Warning: Command \textdegree invalid in math mode on input line 406.

Missing character: There is no ° in font cmr10!
Missing character: There is no ° in font cmr10!

Underfull \hbox (badness 10000) in paragraph at lines 394--420

 []


Underfull \hbox (badness 10000) in paragraph at lines 394--420

 []


Underfull \hbox (badness 10000) in paragraph at lines 394--420

 []


Underfull \hbox (badness 10000) in paragraph at lines 394--420

 []


Underfull \hbox (badness 10000) in paragraph at lines 394--420

 []


Underfull \hbox (badness 10000) in paragraph at lines 394--420

 []


Underfull \hbox (badness 10000) in paragraph at lines 394--420

 []


Underfull \hbox (badness 10000) in paragraph at lines 394--420

 []


Underfull \hbox (badness 10000) in paragraph at lines 394--420

 []


Underfull \hbox (badness 10000) in paragraph at lines 394--420

 []


Underfull \hbox (badness 10000) in paragraph at lines 394--420

 []


Underfull \hbox (badness 10000) in paragraph at lines 394--420

 []


Underfull \hbox (badness 10000) in paragraph at lines 423--447

 []


Underfull \hbox (badness 10000) in paragraph at lines 423--447

 []


Underfull \hbox (badness 10000) in paragraph at lines 423--447

 []


Underfull \hbox (badness 10000) in paragraph at lines 423--447

 []


Underfull \hbox (badness 10000) in paragraph at lines 423--447

 []


Underfull \hbox (badness 10000) in paragraph at lines 423--447

 []


Underfull \hbox (badness 10000) in paragraph at lines 423--447

 []


Underfull \hbox (badness 10000) in paragraph at lines 423--447

 []


Underfull \hbox (badness 10000) in paragraph at lines 423--447

 []


Underfull \hbox (badness 10000) in paragraph at lines 423--447

 []


Underfull \hbox (badness 10000) in paragraph at lines 423--447

 []

[8]
Underfull \hbox (badness 10000) in paragraph at lines 449--464

 []


Underfull \hbox (badness 10000) in paragraph at lines 449--464

 []


Underfull \hbox (badness 10000) in paragraph at lines 449--464

 []


Underfull \hbox (badness 10000) in paragraph at lines 449--464

 []


Underfull \hbox (badness 10000) in paragraph at lines 465--474

 []


Underfull \hbox (badness 10000) in paragraph at lines 465--474

 []


Underfull \hbox (badness 10000) in paragraph at lines 465--474

 []


Underfull \hbox (badness 10000) in paragraph at lines 465--474

 []

[9]

LaTeX Warning: Command \textdegree invalid in math mode on input line 495.


LaTeX Warning: Command \textdegree invalid in math mode on input line 495.

Missing character: There is no ° in font cmr10!

LaTeX Warning: Command \textdegree invalid in math mode on input line 511.


LaTeX Warning: Command \textdegree invalid in math mode on input line 511.

Missing character: There is no ° in font cmr10!

Underfull \hbox (badness 10000) in paragraph at lines 493--514

 []


Underfull \hbox (badness 10000) in paragraph at lines 493--514

 []


Underfull \hbox (badness 10000) in paragraph at lines 493--514

 []


Underfull \hbox (badness 10000) in paragraph at lines 493--514

 []


Underfull \hbox (badness 10000) in paragraph at lines 493--514

 []


Underfull \hbox (badness 10000) in paragraph at lines 493--514

 []


Underfull \hbox (badness 10000) in paragraph at lines 493--514

 []


Underfull \hbox (badness 10000) in paragraph at lines 493--514

 []


LaTeX Warning: Command \textdegree invalid in math mode on input line 515.


LaTeX Warning: Command \textdegree invalid in math mode on input line 515.

Missing character: There is no ° in font cmr10!

Underfull \hbox (badness 10000) in paragraph at lines 515--558

 []


Underfull \hbox (badness 10000) in paragraph at lines 515--558

 []


Underfull \hbox (badness 10000) in paragraph at lines 515--558

 []


Underfull \hbox (badness 10000) in paragraph at lines 515--558

 []


Underfull \hbox (badness 10000) in paragraph at lines 515--558

 []


Underfull \hbox (badness 10000) in paragraph at lines 515--558

 []


Underfull \hbox (badness 10000) in paragraph at lines 515--558

 []


Underfull \hbox (badness 10000) in paragraph at lines 515--558

 []


Underfull \hbox (badness 10000) in paragraph at lines 515--558

 []


Underfull \hbox (badness 10000) in paragraph at lines 515--558

 []


Underfull \hbox (badness 10000) in paragraph at lines 515--558

 []


Underfull \hbox (badness 10000) in paragraph at lines 515--558

 []


Underfull \hbox (badness 10000) in paragraph at lines 515--558

 []

[10]
Underfull \hbox (badness 10000) in paragraph at lines 561--583

 []


Underfull \hbox (badness 10000) in paragraph at lines 561--583

 []


Underfull \hbox (badness 10000) in paragraph at lines 561--583

 []


Underfull \hbox (badness 10000) in paragraph at lines 561--583

 []


Underfull \hbox (badness 10000) in paragraph at lines 561--583

 []


Underfull \hbox (badness 10000) in paragraph at lines 561--583

 []


Underfull \hbox (badness 10000) in paragraph at lines 561--583

 []


Underfull \hbox (badness 10000) in paragraph at lines 561--583

 []


Underfull \hbox (badness 10000) in paragraph at lines 561--583

 []


Underfull \hbox (badness 10000) in paragraph at lines 561--583

 []


Underfull \hbox (badness 10000) in paragraph at lines 561--583

 []


Underfull \hbox (badness 10000) in paragraph at lines 561--583

 []


Underfull \hbox (badness 10000) in paragraph at lines 561--583

 []


Underfull \hbox (badness 10000) in paragraph at lines 561--583

 []

[11]
Underfull \hbox (badness 10000) in paragraph at lines 587--620

 []


Underfull \hbox (badness 10000) in paragraph at lines 587--620

 []


Underfull \hbox (badness 10000) in paragraph at lines 587--620

 []


Underfull \hbox (badness 10000) in paragraph at lines 587--620

 []


Underfull \hbox (badness 10000) in paragraph at lines 587--620

 []


Underfull \hbox (badness 10000) in paragraph at lines 587--620

 []


Underfull \hbox (badness 10000) in paragraph at lines 587--620

 []


Underfull \hbox (badness 10000) in paragraph at lines 622--651

 []


Underfull \hbox (badness 10000) in paragraph at lines 622--651

 []


Underfull \hbox (badness 10000) in paragraph at lines 622--651

 []


Underfull \hbox (badness 10000) in paragraph at lines 622--651

 []


Underfull \hbox (badness 10000) in paragraph at lines 622--651

 []


Underfull \hbox (badness 10000) in paragraph at lines 622--651

 []


Underfull \hbox (badness 10000) in paragraph at lines 622--651

 []


Underfull \hbox (badness 10000) in paragraph at lines 622--651

 []


Underfull \hbox (badness 10000) in paragraph at lines 622--651

 []


Underfull \hbox (badness 10000) in paragraph at lines 622--651

 []


Underfull \hbox (badness 10000) in paragraph at lines 622--651

 []


Underfull \hbox (badness 10000) in paragraph at lines 622--651

 []


Underfull \hbox (badness 10000) in paragraph at lines 622--651

 []

[12]
Underfull \hbox (badness 10000) in paragraph at lines 653--674

 []


Underfull \hbox (badness 10000) in paragraph at lines 653--674

 []


Underfull \hbox (badness 10000) in paragraph at lines 653--674

 []

[13]
Underfull \hbox (badness 10000) in paragraph at lines 691--710

 []


Underfull \hbox (badness 10000) in paragraph at lines 691--710

 []


Underfull \hbox (badness 10000) in paragraph at lines 691--710

 []

[14] (./soluciones.aux) ) 
Here is how much of TeX's memory you used:
 1842 strings out of 481252
 28968 string characters out of 5915889
 489317 words of memory out of 5000000
 18804 multiletter control sequences out of 15000+600000
 409455 words of font info for 48 fonts, out of 8000000 for 9000
 14 hyphenation exceptions out of 8191
 68i,6n,75p,1056b,189s stack positions out of 5000i,500n,10000p,200000b,80000s
 </home/esotericwarfare/.texlive2020/texmf-var/fonts/p
k/ljfour/jknappen/ec/tcrm1000.600pk></usr/share/texlive/texmf-dist/fonts/type1/
public/amsfonts/cm/cmbx10.pfb></usr/share/texlive/texmf-dist/fonts/type1/public
/amsfonts/cm/cmbx12.pfb></usr/share/texlive/texmf-dist/fonts/type1/public/amsfo
nts/cm/cmmi10.pfb></usr/share/texlive/texmf-dist/fonts/type1/public/amsfonts/cm
/cmmi7.pfb></usr/share/texlive/texmf-dist/fonts/type1/public/amsfonts/cm/cmr10.
pfb></usr/share/texlive/texmf-dist/fonts/type1/public/amsfonts/cm/cmr12.pfb></u
sr/share/texlive/texmf-dist/fonts/type1/public/amsfonts/cm/cmr17.pfb></usr/shar
e/texlive/texmf-dist/fonts/type1/public/amsfonts/cm/cmr7.pfb></usr/share/texliv
e/texmf-dist/fonts/type1/public/amsfonts/cm/cmsy10.pfb>
Output written on soluciones.pdf (14 pages, 144928 bytes).
PDF statistics:
 91 PDF objects out of 1000 (max. 8388607)
 64 compressed objects within 1 object stream
 0 named destinations out of 1000 (max. 500000)
 1 words of extra memory for PDF output out of 10000 (max. 10000000)

