This is pdfTeX, Version 3.141592653-2.6-1.40.26 (TeX Live 2024) (preloaded format=pdflatex 2024.4.9)  9 APR 2024 21:03
entering extended mode
 restricted \write18 enabled.
 %&-line parsing enabled.
**tp1.tex
(./tp1.tex
LaTeX2e <2023-11-01> patch level 1
L3 programming layer <2024-03-14>
(c:/texlive/2024/texmf-dist/tex/latex/base/article.cls
Document Class: article 2023/05/17 v1.4n Standard LaTeX document class
(c:/texlive/2024/texmf-dist/tex/latex/base/size11.clo
File: size11.clo 2023/05/17 v1.4n Standard LaTeX file (size option)
)
\c@part=\count188
\c@section=\count189
\c@subsection=\count190
\c@subsubsection=\count191
\c@paragraph=\count192
\c@subparagraph=\count193
\c@figure=\count194
\c@table=\count195
\abovecaptionskip=\skip48
\belowcaptionskip=\skip49
\bibindent=\dimen140
)
(c:/texlive/2024/texmf-dist/tex/latex/sectsty/sectsty.sty
Package: sectsty 2002/02/25 v2.0.2 Commands to change all sectional heading sty
les


LaTeX Warning: Command \underbar  has changed.
               Check if current package is valid.


LaTeX Warning: Command \underline  has changed.
               Check if current package is valid.

) (c:/texlive/2024/texmf-dist/tex/latex/graphics/graphicx.sty
Package: graphicx 2021/09/16 v1.2d Enhanced LaTeX Graphics (DPC,SPQR)

(c:/texlive/2024/texmf-dist/tex/latex/graphics/keyval.sty
Package: keyval 2022/05/29 v1.15 key=value parser (DPC)
\KV@toks@=\toks17
)
(c:/texlive/2024/texmf-dist/tex/latex/graphics/graphics.sty
Package: graphics 2022/03/10 v1.4e Standard LaTeX Graphics (DPC,SPQR)

(c:/texlive/2024/texmf-dist/tex/latex/graphics/trig.sty
Package: trig 2021/08/11 v1.11 sin cos tan (DPC)
)
(c:/texlive/2024/texmf-dist/tex/latex/graphics-cfg/graphics.cfg
File: graphics.cfg 2016/06/04 v1.11 sample graphics configuration
)
Package graphics Info: Driver file: pdftex.def on input line 107.

(c:/texlive/2024/texmf-dist/tex/latex/graphics-def/pdftex.def
File: pdftex.def 2022/09/22 v1.2b Graphics/color driver for pdftex
))
\Gin@req@height=\dimen141
\Gin@req@width=\dimen142
)
(c:/texlive/2024/texmf-dist/tex/latex/l3backend/l3backend-pdftex.def
File: l3backend-pdftex.def 2024-03-14 L3 backend support: PDF output (pdfTeX)
\l__color_backend_stack_int=\count196
\l__pdf_internal_box=\box51
)
(./tp1.aux)
\openout1 = `tp1.aux'.

LaTeX Font Info:    Checking defaults for OML/cmm/m/it on input line 14.
LaTeX Font Info:    ... okay on input line 14.
LaTeX Font Info:    Checking defaults for OMS/cmsy/m/n on input line 14.
LaTeX Font Info:    ... okay on input line 14.
LaTeX Font Info:    Checking defaults for OT1/cmr/m/n on input line 14.
LaTeX Font Info:    ... okay on input line 14.
LaTeX Font Info:    Checking defaults for T1/cmr/m/n on input line 14.
LaTeX Font Info:    ... okay on input line 14.
LaTeX Font Info:    Checking defaults for TS1/cmr/m/n on input line 14.
LaTeX Font Info:    ... okay on input line 14.
LaTeX Font Info:    Checking defaults for OMX/cmex/m/n on input line 14.
LaTeX Font Info:    ... okay on input line 14.
LaTeX Font Info:    Checking defaults for U/cmr/m/n on input line 14.
LaTeX Font Info:    ... okay on input line 14.
 (c:/texlive/2024/texmf-dist/tex/context/base/mkii/supp-pdf.mkii
[Loading MPS to PDF converter (version 2006.09.02).]
\scratchcounter=\count197
\scratchdimen=\dimen143
\scratchbox=\box52
\nofMPsegments=\count198
\nofMParguments=\count199
\everyMPshowfont=\toks18
\MPscratchCnt=\count266
\MPscratchDim=\dimen144
\MPnumerator=\count267
\makeMPintoPDFobject=\count268
\everyMPtoPDFconversion=\toks19
) (c:/texlive/2024/texmf-dist/tex/latex/epstopdf-pkg/epstopdf-base.sty
Package: epstopdf-base 2020-01-24 v2.11 Base part for package epstopdf
Package epstopdf-base Info: Redefining graphics rule for `.eps' on input line 4
85.

(c:/texlive/2024/texmf-dist/tex/latex/latexconfig/epstopdf-sys.cfg
File: epstopdf-sys.cfg 2010/07/13 v1.3 Configuration of (r)epstopdf for TeX Liv
e
))
Underfull \hbox (badness 10000) in paragraph at lines 18--35

 []


Underfull \hbox (badness 10000) in paragraph at lines 18--35

 []


Underfull \hbox (badness 10000) in paragraph at lines 18--35

 []


Underfull \hbox (badness 10000) in paragraph at lines 18--35

 []


Underfull \hbox (badness 10000) in paragraph at lines 18--35

 []


Underfull \hbox (badness 10000) in paragraph at lines 18--35

 []


Underfull \hbox (badness 10000) in paragraph at lines 18--35

 []


Underfull \hbox (badness 10000) in paragraph at lines 18--35

 []


Underfull \hbox (badness 10000) in paragraph at lines 38--39

 []


Underfull \hbox (badness 10000) in paragraph at lines 40--48

 []


Underfull \hbox (badness 10000) in paragraph at lines 40--48

 []


Underfull \hbox (badness 10000) in paragraph at lines 40--48

 []


Underfull \hbox (badness 10000) in paragraph at lines 40--48

 []


Underfull \hbox (badness 10000) in paragraph at lines 52--88

 []


Underfull \hbox (badness 10000) in paragraph at lines 52--88

 []


Underfull \hbox (badness 10000) in paragraph at lines 52--88

 []


Underfull \hbox (badness 10000) in paragraph at lines 52--88

 []


Underfull \hbox (badness 10000) in paragraph at lines 52--88

 []


Underfull \hbox (badness 10000) in paragraph at lines 52--88

 []


Underfull \hbox (badness 10000) in paragraph at lines 52--88

 []


Underfull \hbox (badness 10000) in paragraph at lines 52--88

 []


Underfull \hbox (badness 10000) in paragraph at lines 52--88

 []


Underfull \hbox (badness 10000) in paragraph at lines 52--88

 []


Underfull \hbox (badness 10000) in paragraph at lines 52--88

 []


Underfull \hbox (badness 10000) in paragraph at lines 52--88

 []


Underfull \hbox (badness 10000) in paragraph at lines 52--88

 []


Underfull \hbox (badness 10000) in paragraph at lines 52--88

 []


Underfull \hbox (badness 10000) in paragraph at lines 52--88

 []

[1

{c:/texlive/2024/texmf-var/fonts/map/pdftex/updmap/pdftex.map}{c:/texlive/2024/
texmf-dist/fonts/enc/dvips/cm-super/cm-super-ts1.enc}]
Underfull \hbox (badness 10000) in paragraph at lines 107--111

 []


Underfull \hbox (badness 10000) in paragraph at lines 112--156

 []


Underfull \hbox (badness 10000) in paragraph at lines 112--156

 []


Underfull \hbox (badness 10000) in paragraph at lines 112--156

 []


Underfull \hbox (badness 10000) in paragraph at lines 112--156

 []


Underfull \hbox (badness 10000) in paragraph at lines 112--156

 []


Underfull \hbox (badness 10000) in paragraph at lines 112--156

 []


Underfull \hbox (badness 10000) in paragraph at lines 112--156

 []


Underfull \hbox (badness 10000) in paragraph at lines 112--156

 []


Underfull \hbox (badness 10000) in paragraph at lines 112--156

 []


Underfull \hbox (badness 10000) in paragraph at lines 112--156

 []


Underfull \hbox (badness 10000) in paragraph at lines 112--156

 []


Underfull \hbox (badness 10000) in paragraph at lines 112--156

 []


Underfull \hbox (badness 10000) in paragraph at lines 112--156

 []


Underfull \hbox (badness 10000) in paragraph at lines 112--156

 []


Underfull \hbox (badness 10000) in paragraph at lines 112--156

 []


Underfull \hbox (badness 10000) in paragraph at lines 112--156

 []


Underfull \hbox (badness 10000) in paragraph at lines 112--156

 []


Underfull \hbox (badness 10000) in paragraph at lines 112--156

 []


Underfull \hbox (badness 10000) in paragraph at lines 112--156

 []


Underfull \hbox (badness 10000) in paragraph at lines 112--156

 []


Underfull \hbox (badness 10000) in paragraph at lines 112--156

 []


Underfull \hbox (badness 10000) in paragraph at lines 112--156

 []


Underfull \hbox (badness 10000) in paragraph at lines 112--156

 []


Underfull \hbox (badness 10000) in paragraph at lines 112--156

 []

[2] [3]
Underfull \hbox (badness 10000) in paragraph at lines 165--196

 []


Underfull \hbox (badness 10000) in paragraph at lines 165--196

 []


Underfull \hbox (badness 10000) in paragraph at lines 165--196

 []


Underfull \hbox (badness 10000) in paragraph at lines 165--196

 []


Underfull \hbox (badness 10000) in paragraph at lines 165--196

 []


Underfull \hbox (badness 10000) in paragraph at lines 165--196

 []


Underfull \hbox (badness 10000) in paragraph at lines 165--196

 []


Underfull \hbox (badness 10000) in paragraph at lines 165--196

 []


Underfull \hbox (badness 10000) in paragraph at lines 165--196

 []


Underfull \hbox (badness 10000) in paragraph at lines 165--196

 []


Underfull \hbox (badness 10000) in paragraph at lines 165--196

 []


Underfull \hbox (badness 10000) in paragraph at lines 165--196

 []


Underfull \hbox (badness 10000) in paragraph at lines 165--196

 []


Underfull \hbox (badness 10000) in paragraph at lines 165--196

 []


Underfull \hbox (badness 10000) in paragraph at lines 165--196

 []


Underfull \hbox (badness 10000) in paragraph at lines 165--196

 []


Underfull \hbox (badness 10000) in paragraph at lines 165--196

 []


Underfull \hbox (badness 10000) in paragraph at lines 165--196

 []


Underfull \hbox (badness 10000) in paragraph at lines 197--206

 []


Underfull \hbox (badness 10000) in paragraph at lines 197--206

 []


Underfull \hbox (badness 10000) in paragraph at lines 197--206

 []

[4] [5] (./tp1.aux)
 ***********
LaTeX2e <2023-11-01> patch level 1
L3 programming layer <2024-03-14>
 ***********
 ) 
Here is how much of TeX's memory you used:
 1391 strings out of 474103
 22464 string characters out of 5747482
 1934496 words of memory out of 5000000
 23803 multiletter control sequences out of 15000+600000
 559623 words of font info for 41 fonts, out of 8000000 for 9000
 1141 hyphenation exceptions out of 8191
 57i,6n,65p,388b,109s stack positions out of 10000i,1000n,20000p,200000b,200000s
<c:/texlive/2024/texmf-dist/fonts/type1/public/amsfonts/cm/cmbx10.pfb><c:/tex
live/2024/texmf-dist/fonts/type1/public/amsfonts/cm/cmbx12.pfb><c:/texlive/2024
/texmf-dist/fonts/type1/public/amsfonts/cm/cmr10.pfb><c:/texlive/2024/texmf-dis
t/fonts/type1/public/cm-super/sfrm1095.pfb>
Output written on tp1.pdf (5 pages, 68887 bytes).
PDF statistics:
 41 PDF objects out of 1000 (max. 8388607)
 25 compressed objects within 1 object stream
 0 named destinations out of 1000 (max. 500000)
 1 words of extra memory for PDF output out of 10000 (max. 10000000)

