This is pdfTeX, Version 3.14159265-2.6-1.40.21 (TeX Live 2020/Debian) (preloaded format=pdflatex 2023.4.17)  1 MAY 2023 11:59
entering extended mode
 restricted \write18 enabled.
 %&-line parsing enabled.
**soluciones.tex
(./soluciones.tex
LaTeX2e <2020-10-01> patch level 4
L3 programming layer <2021-01-09> xparse <2020-03-03>
(/usr/share/texlive/texmf-dist/tex/latex/base/article.cls
Document Class: article 2020/04/10 v1.4m Standard LaTeX document class
(/usr/share/texlive/texmf-dist/tex/latex/base/size10.clo
File: size10.clo 2020/04/10 v1.4m Standard LaTeX file (size option)
)
\c@part=\count177
\c@section=\count178
\c@subsection=\count179
\c@subsubsection=\count180
\c@paragraph=\count181
\c@subparagraph=\count182
\c@figure=\count183
\c@table=\count184
\abovecaptionskip=\skip47
\belowcaptionskip=\skip48
\bibindent=\dimen138
)
(/usr/share/texlive/texmf-dist/tex/latex/geometry/geometry.sty
Package: geometry 2020/01/02 v5.9 Page Geometry

(/usr/share/texlive/texmf-dist/tex/latex/graphics/keyval.sty
Package: keyval 2014/10/28 v1.15 key=value parser (DPC)
\KV@toks@=\toks15
)
(/usr/share/texlive/texmf-dist/tex/generic/iftex/ifvtex.sty
Package: ifvtex 2019/10/25 v1.7 ifvtex legacy package. Use iftex instead.

(/usr/share/texlive/texmf-dist/tex/generic/iftex/iftex.sty
Package: iftex 2020/03/06 v1.0d TeX engine tests
))
\Gm@cnth=\count185
\Gm@cntv=\count186
\c@Gm@tempcnt=\count187
\Gm@bindingoffset=\dimen139
\Gm@wd@mp=\dimen140
\Gm@odd@mp=\dimen141
\Gm@even@mp=\dimen142
\Gm@layoutwidth=\dimen143
\Gm@layoutheight=\dimen144
\Gm@layouthoffset=\dimen145
\Gm@layoutvoffset=\dimen146
\Gm@dimlist=\toks16
)
(/usr/share/texlive/texmf-dist/tex/latex/l3backend/l3backend-pdftex.def
File: l3backend-pdftex.def 2020-01-29 L3 backend support: PDF output (pdfTeX)
\l__color_backend_stack_int=\count188
\l__pdf_internal_box=\box47
)
(./soluciones.aux)
\openout1 = `soluciones.aux'.

LaTeX Font Info:    Checking defaults for OML/cmm/m/it on input line 4.
LaTeX Font Info:    ... okay on input line 4.
LaTeX Font Info:    Checking defaults for OMS/cmsy/m/n on input line 4.
LaTeX Font Info:    ... okay on input line 4.
LaTeX Font Info:    Checking defaults for OT1/cmr/m/n on input line 4.
LaTeX Font Info:    ... okay on input line 4.
LaTeX Font Info:    Checking defaults for T1/cmr/m/n on input line 4.
LaTeX Font Info:    ... okay on input line 4.
LaTeX Font Info:    Checking defaults for TS1/cmr/m/n on input line 4.
LaTeX Font Info:    ... okay on input line 4.
LaTeX Font Info:    Checking defaults for OMX/cmex/m/n on input line 4.
LaTeX Font Info:    ... okay on input line 4.
LaTeX Font Info:    Checking defaults for U/cmr/m/n on input line 4.
LaTeX Font Info:    ... okay on input line 4.

*geometry* driver: auto-detecting
*geometry* detected driver: pdftex
*geometry* verbose mode - [ preamble ] result:
* driver: pdftex
* paper: <default>
* layout: <same size as paper>
* layoutoffset:(h,v)=(0.0pt,0.0pt)
* modes: 
* h-part:(L,W,R)=(42.67912pt, 528.93675pt, 42.67912pt)
* v-part:(T,H,B)=(42.67912pt, 709.61174pt, 42.67912pt)
* \paperwidth=614.295pt
* \paperheight=794.96999pt
* \textwidth=528.93675pt
* \textheight=709.61174pt
* \oddsidemargin=-29.59087pt
* \evensidemargin=-29.59087pt
* \topmargin=-66.59087pt
* \headheight=12.0pt
* \headsep=25.0pt
* \topskip=10.0pt
* \footskip=30.0pt
* \marginparwidth=65.0pt
* \marginparsep=11.0pt
* \columnsep=10.0pt
* \skip\footins=9.0pt plus 4.0pt minus 2.0pt
* \hoffset=0.0pt
* \voffset=0.0pt
* \mag=1000
* \@twocolumnfalse
* \@twosidefalse
* \@mparswitchfalse
* \@reversemarginfalse
* (1in=72.27pt=25.4mm, 1cm=28.453pt)

LaTeX Font Info:    External font `cmex10' loaded for size
(Font)              <12> on input line 9.
LaTeX Font Info:    External font `cmex10' loaded for size
(Font)              <8> on input line 9.
LaTeX Font Info:    External font `cmex10' loaded for size
(Font)              <6> on input line 9.

Underfull \hbox (badness 10000) in paragraph at lines 11--13

 []

LaTeX Font Info:    External font `cmex10' loaded for size
(Font)              <7> on input line 17.
LaTeX Font Info:    External font `cmex10' loaded for size
(Font)              <5> on input line 17.

Underfull \hbox (badness 10000) in paragraph at lines 41--143

 []


Underfull \hbox (badness 10000) in paragraph at lines 41--143

 []


Underfull \hbox (badness 10000) in paragraph at lines 41--143

 []


Underfull \hbox (badness 10000) in paragraph at lines 41--143

 []


Underfull \hbox (badness 10000) in paragraph at lines 41--143

 []


Underfull \hbox (badness 10000) in paragraph at lines 41--143

 []


Underfull \hbox (badness 10000) in paragraph at lines 41--143

 []


Underfull \hbox (badness 10000) in paragraph at lines 41--143

 []


Underfull \hbox (badness 10000) in paragraph at lines 41--143

 []


Underfull \hbox (badness 10000) in paragraph at lines 41--143

 []


Underfull \hbox (badness 10000) in paragraph at lines 41--143

 []


Underfull \hbox (badness 10000) in paragraph at lines 41--143

 []


Underfull \hbox (badness 10000) in paragraph at lines 41--143

 []


Underfull \hbox (badness 10000) in paragraph at lines 41--143

 []


Underfull \hbox (badness 10000) in paragraph at lines 41--143

 []


Underfull \hbox (badness 10000) in paragraph at lines 41--143

 []


Underfull \hbox (badness 10000) in paragraph at lines 41--143

 []


Underfull \hbox (badness 10000) in paragraph at lines 41--143

 []


Underfull \hbox (badness 10000) in paragraph at lines 41--143

 []


Underfull \hbox (badness 10000) in paragraph at lines 41--143

 []


Underfull \hbox (badness 10000) in paragraph at lines 41--143

 []


Underfull \hbox (badness 10000) in paragraph at lines 41--143

 []


Underfull \hbox (badness 10000) in paragraph at lines 41--143

 []


Underfull \hbox (badness 10000) in paragraph at lines 41--143

 []


Underfull \hbox (badness 10000) in paragraph at lines 41--143

 []


Underfull \hbox (badness 10000) in paragraph at lines 41--143

 []


Underfull \hbox (badness 10000) in paragraph at lines 41--143

 []


Underfull \hbox (badness 10000) in paragraph at lines 41--143

 []


Underfull \hbox (badness 10000) in paragraph at lines 41--143

 []


Underfull \hbox (badness 10000) in paragraph at lines 41--143

 []


Underfull \hbox (badness 10000) in paragraph at lines 41--143

 []


Underfull \hbox (badness 10000) in paragraph at lines 41--143

 []


Underfull \hbox (badness 10000) in paragraph at lines 41--143

 []


Underfull \hbox (badness 10000) in paragraph at lines 41--143

 []

[1

{/var/lib/texmf/fonts/map/pdftex/updmap/pdftex.map}] [2]
Underfull \hbox (badness 10000) in paragraph at lines 144--161

 []

[3]
Underfull \hbox (badness 10000) in paragraph at lines 171--422

 []


Underfull \hbox (badness 10000) in paragraph at lines 171--422

 []


Underfull \hbox (badness 10000) in paragraph at lines 171--422

 []


Underfull \hbox (badness 10000) in paragraph at lines 171--422

 []


Overfull \hbox (276.26915pt too wide) in paragraph at lines 171--422
\OT1/cmr/m/n/10 n. NaH2PO4: Di-hidrogeno-fos-fato de so-dio o fos-fato monos^^S
odico [] 
 []


Underfull \hbox (badness 10000) in paragraph at lines 171--422

 []


Underfull \hbox (badness 10000) in paragraph at lines 171--422

 []


Underfull \hbox (badness 10000) in paragraph at lines 171--422

 []


Underfull \hbox (badness 10000) in paragraph at lines 171--422

 []


Underfull \hbox (badness 10000) in paragraph at lines 171--422

 []

[4] [5] [6] [7] [8]
Underfull \hbox (badness 10000) in paragraph at lines 423--445

 []


Underfull \hbox (badness 10000) in paragraph at lines 446--448

 []

[9]
Underfull \hbox (badness 10000) in paragraph at lines 449--451

 []


Underfull \hbox (badness 10000) in paragraph at lines 452--454

 []


Underfull \hbox (badness 10000) in paragraph at lines 455--457

 []


Underfull \hbox (badness 10000) in paragraph at lines 458--460

 []


Underfull \hbox (badness 10000) in paragraph at lines 461--463

 []


Underfull \hbox (badness 10000) in paragraph at lines 464--466

 []

[10] (./soluciones.aux) ) 
Here is how much of TeX's memory you used:
 996 strings out of 481252
 15905 string characters out of 5915888
 335344 words of memory out of 5000000
 17990 multiletter control sequences out of 15000+600000
 408012 words of font info for 42 fonts, out of 8000000 for 9000
 14 hyphenation exceptions out of 8191
 68i,9n,74p,506b,191s stack positions out of 5000i,500n,10000p,200000b,80000s
 </home/esotericwarfare/.texlive2020/texmf-var/fonts/p
k/ljfour/jknappen/ec/tcrm1000.600pk></usr/share/texlive/texmf-dist/fonts/type1/
public/amsfonts/cm/cmbx10.pfb></usr/share/texlive/texmf-dist/fonts/type1/public
/amsfonts/cm/cmbx12.pfb></usr/share/texlive/texmf-dist/fonts/type1/public/amsfo
nts/cm/cmmi10.pfb></usr/share/texlive/texmf-dist/fonts/type1/public/amsfonts/cm
/cmr10.pfb></usr/share/texlive/texmf-dist/fonts/type1/public/amsfonts/cm/cmr12.
pfb></usr/share/texlive/texmf-dist/fonts/type1/public/amsfonts/cm/cmr17.pfb></u
sr/share/texlive/texmf-dist/fonts/type1/public/amsfonts/cm/cmr7.pfb></usr/share
/texlive/texmf-dist/fonts/type1/public/amsfonts/cm/cmsy7.pfb>
Output written on soluciones.pdf (10 pages, 115594 bytes).
PDF statistics:
 74 PDF objects out of 1000 (max. 8388607)
 52 compressed objects within 1 object stream
 0 named destinations out of 1000 (max. 500000)
 1 words of extra memory for PDF output out of 10000 (max. 10000000)

